run_sims_part9.sh: line 8: nameofhost: command not found
run_sims_part9.sh: line 9: [[: command not found
on midway3 cluster
/software/cuda-11.7-el8-x86_64/bin:/software/python-anaconda-2020.11-el8-x86_64/condabin:/software/python-anaconda-2020.11-el8-x86_64/bin:/home/mehta5/.local/bin:/home/mehta5/bin:/software/bin:/software/slurm-current-el8-x86_64/bin:/software/modules/bin:/usr/local/bin:/usr/bin:/usr/local/sbin:/usr/sbin:/opt/thinlinc/bin:/project/jjberg/mehta5/ParallelPopGen/examples/example_dadi/GOFish_57_epoch
Output file name is sfs_out_selection_{-8.916836e-01}.txt
Already negative selection
Currently we are using the genome wide mutation 1.5e-8: 
Unscaled Point Selection: -0.891684
Number of samples to generate SFS: 111710
Running simulations
Creating population histories 
Creating inflection points
Pop_history and inflection point size, should be the same: 38 38
Creating the demographic history of epochs
Starting final demography epoch: 5000000 inflection point: 55940
Finished creating demographic events
Starting iteration 1 of simulation
Finished all iterations of simulation

number of sites in simulation: 133000000
compact interval: 5
average number of mutations in simulation: 3.09432e+07
average number of mutations in SFS: 284788
time elapsed (ms): 28289.1
Output file name is sfs_out_selection_{-8.913838e-01}.txt
Already negative selection
Currently we are using the genome wide mutation 1.5e-8: 
Unscaled Point Selection: -0.891384
Number of samples to generate SFS: 111710
Running simulations
Creating population histories 
Creating inflection points
Pop_history and inflection point size, should be the same: 38 38
Creating the demographic history of epochs
Starting final demography epoch: 5000000 inflection point: 55940
Finished creating demographic events
Starting iteration 1 of simulation
Finished all iterations of simulation

number of sites in simulation: 133000000
compact interval: 5
average number of mutations in simulation: 3.09498e+07
average number of mutations in SFS: 284884
time elapsed (ms): 28292.9
Output file name is sfs_out_selection_{-7.597598e-02}.txt
Already negative selection
Currently we are using the genome wide mutation 1.5e-8: 
Unscaled Point Selection: -0.075976
Number of samples to generate SFS: 111710
Running simulations
Creating population histories 
Creating inflection points
Pop_history and inflection point size, should be the same: 38 38
Creating the demographic history of epochs
Starting final demography epoch: 5000000 inflection point: 55940
Finished creating demographic events
Starting iteration 1 of simulation
Finished all iterations of simulation

number of sites in simulation: 133000000
compact interval: 5
average number of mutations in simulation: 7.08904e+07
average number of mutations in SFS: 3.39736e+06
time elapsed (ms): 56253.2
Output file name is sfs_out_selection_{-7.587588e-02}.txt
Already negative selection
Currently we are using the genome wide mutation 1.5e-8: 
Unscaled Point Selection: -0.0758759
Number of samples to generate SFS: 111710
Running simulations
Creating population histories 
Creating inflection points
Pop_history and inflection point size, should be the same: 38 38
Creating the demographic history of epochs
Starting final demography epoch: 5000000 inflection point: 55940
Finished creating demographic events
Starting iteration 1 of simulation
Finished all iterations of simulation

number of sites in simulation: 133000000
compact interval: 5
average number of mutations in simulation: 7.0899e+07
average number of mutations in SFS: 3.40015e+06
time elapsed (ms): 56062.3
Output file name is sfs_out_selection_{-7.577578e-02}.txt
Already negative selection
Currently we are using the genome wide mutation 1.5e-8: 
Unscaled Point Selection: -0.0757758
Number of samples to generate SFS: 111710
Running simulations
Creating population histories 
Creating inflection points
Pop_history and inflection point size, should be the same: 38 38
Creating the demographic history of epochs
Starting final demography epoch: 5000000 inflection point: 55940
Finished creating demographic events
Starting iteration 1 of simulation
Finished all iterations of simulation

number of sites in simulation: 133000000
compact interval: 5
average number of mutations in simulation: 7.09096e+07
average number of mutations in SFS: 3.40302e+06
time elapsed (ms): 56106.2
Output file name is sfs_out_selection_{-7.567568e-02}.txt
Already negative selection
Currently we are using the genome wide mutation 1.5e-8: 
Unscaled Point Selection: -0.0756757
Number of samples to generate SFS: 111710
Running simulations
Creating population histories 
Creating inflection points
Pop_history and inflection point size, should be the same: 38 38
Creating the demographic history of epochs
Starting final demography epoch: 5000000 inflection point: 55940
Finished creating demographic events
Starting iteration 1 of simulation
Finished all iterations of simulation

number of sites in simulation: 133000000
compact interval: 5
average number of mutations in simulation: 7.09181e+07
average number of mutations in SFS: 3.40562e+06
time elapsed (ms): 56141.5
Output file name is sfs_out_selection_{-7.557558e-02}.txt
Already negative selection
Currently we are using the genome wide mutation 1.5e-8: 
Unscaled Point Selection: -0.0755756
Number of samples to generate SFS: 111710
Running simulations
Creating population histories 
Creating inflection points
Pop_history and inflection point size, should be the same: 38 38
Creating the demographic history of epochs
Starting final demography epoch: 5000000 inflection point: 55940
Finished creating demographic events
Starting iteration 1 of simulation
Finished all iterations of simulation

number of sites in simulation: 133000000
compact interval: 5
average number of mutations in simulation: 7.09284e+07
average number of mutations in SFS: 3.40882e+06
time elapsed (ms): 56084.1
Output file name is sfs_out_selection_{-7.547548e-02}.txt
Already negative selection
Currently we are using the genome wide mutation 1.5e-8: 
Unscaled Point Selection: -0.0754755
Number of samples to generate SFS: 111710
Running simulations
Creating population histories 
Creating inflection points
Pop_history and inflection point size, should be the same: 38 38
Creating the demographic history of epochs
Starting final demography epoch: 5000000 inflection point: 55940
Finished creating demographic events
Starting iteration 1 of simulation
Finished all iterations of simulation

number of sites in simulation: 133000000
compact interval: 5
average number of mutations in simulation: 7.0937e+07
average number of mutations in SFS: 3.4113e+06
time elapsed (ms): 56047.1
Output file name is sfs_out_selection_{-7.537538e-02}.txt
Already negative selection
Currently we are using the genome wide mutation 1.5e-8: 
Unscaled Point Selection: -0.0753754
Number of samples to generate SFS: 111710
Running simulations
Creating population histories 
Creating inflection points
Pop_history and inflection point size, should be the same: 38 38
Creating the demographic history of epochs
Starting final demography epoch: 5000000 inflection point: 55940
Finished creating demographic events
Starting iteration 1 of simulation
Finished all iterations of simulation

number of sites in simulation: 133000000
compact interval: 5
average number of mutations in simulation: 7.09485e+07
average number of mutations in SFS: 3.41432e+06
time elapsed (ms): 56123.8
Output file name is sfs_out_selection_{-7.527528e-02}.txt
Already negative selection
Currently we are using the genome wide mutation 1.5e-8: 
Unscaled Point Selection: -0.0752753
Number of samples to generate SFS: 111710
Running simulations
Creating population histories 
Creating inflection points
Pop_history and inflection point size, should be the same: 38 38
Creating the demographic history of epochs
Starting final demography epoch: 5000000 inflection point: 55940
Finished creating demographic events
Starting iteration 1 of simulation
Finished all iterations of simulation

number of sites in simulation: 133000000
compact interval: 5
average number of mutations in simulation: 7.09568e+07
average number of mutations in SFS: 3.41698e+06
time elapsed (ms): 56153
Output file name is sfs_out_selection_{-7.517518e-02}.txt
Already negative selection
Currently we are using the genome wide mutation 1.5e-8: 
Unscaled Point Selection: -0.0751752
Number of samples to generate SFS: 111710
Running simulations
Creating population histories 
Creating inflection points
Pop_history and inflection point size, should be the same: 38 38
Creating the demographic history of epochs
Starting final demography epoch: 5000000 inflection point: 55940
Finished creating demographic events
Starting iteration 1 of simulation
Finished all iterations of simulation

number of sites in simulation: 133000000
compact interval: 5
average number of mutations in simulation: 7.0968e+07
average number of mutations in SFS: 3.42008e+06
time elapsed (ms): 56112
Output file name is sfs_out_selection_{-7.507508e-02}.txt
Already negative selection
Currently we are using the genome wide mutation 1.5e-8: 
Unscaled Point Selection: -0.0750751
Number of samples to generate SFS: 111710
Running simulations
Creating population histories 
Creating inflection points
Pop_history and inflection point size, should be the same: 38 38
Creating the demographic history of epochs
Starting final demography epoch: 5000000 inflection point: 55940
Finished creating demographic events
Starting iteration 1 of simulation
Finished all iterations of simulation

number of sites in simulation: 133000000
compact interval: 5
average number of mutations in simulation: 7.09769e+07
average number of mutations in SFS: 3.42318e+06
time elapsed (ms): 56287.2
Output file name is sfs_out_selection_{-7.497497e-02}.txt
Already negative selection
Currently we are using the genome wide mutation 1.5e-8: 
Unscaled Point Selection: -0.074975
Number of samples to generate SFS: 111710
Running simulations
Creating population histories 
Creating inflection points
Pop_history and inflection point size, should be the same: 38 38
Creating the demographic history of epochs
Starting final demography epoch: 5000000 inflection point: 55940
Finished creating demographic events
Starting iteration 1 of simulation
Finished all iterations of simulation

number of sites in simulation: 133000000
compact interval: 5
average number of mutations in simulation: 7.09848e+07
average number of mutations in SFS: 3.42569e+06
time elapsed (ms): 56276.8
run_sims_part9.sh: line 42: syntax error near unexpected token `done'
run_sims_part9.sh: line 42: `done'
