run_sims_part9.sh: line 8: nameofhost: command not found
run_sims_part9.sh: line 9: [[: command not found
on midway3 cluster
/software/cuda-11.7-el8-x86_64/bin:/software/python-anaconda-2020.11-el8-x86_64/condabin:/software/python-anaconda-2020.11-el8-x86_64/bin:/home/mehta5/.local/bin:/home/mehta5/bin:/software/bin:/software/slurm-current-el8-x86_64/bin:/software/modules/bin:/usr/local/bin:/usr/bin:/usr/local/sbin:/usr/sbin:/opt/thinlinc/bin:/project/jjberg/mehta5/ParallelPopGen/examples/example_dadi/GOFish_57_epoch
Output file name is sfs_out_selection_{-8.955805e-01}.txt
Already negative selection
Currently we are using the genome wide mutation 1.5e-8: 
Unscaled Point Selection: -0.89558
Number of samples to generate SFS: 111710
Running simulations
Creating population histories 
Creating inflection points
Pop_history and inflection point size, should be the same: 38 38
Creating the demographic history of epochs
Starting final demography epoch: 5000000 inflection point: 55940
Finished creating demographic events
Starting iteration 1 of simulation
Finished all iterations of simulation

number of sites in simulation: 133000000
compact interval: 5
average number of mutations in simulation: 3.08573e+07
average number of mutations in SFS: 283464
time elapsed (ms): 28357.9
Output file name is sfs_out_selection_{-8.952808e-01}.txt
Already negative selection
Currently we are using the genome wide mutation 1.5e-8: 
Unscaled Point Selection: -0.895281
Number of samples to generate SFS: 111710
Running simulations
Creating population histories 
Creating inflection points
Pop_history and inflection point size, should be the same: 38 38
Creating the demographic history of epochs
Starting final demography epoch: 5000000 inflection point: 55940
Finished creating demographic events
Starting iteration 1 of simulation
Finished all iterations of simulation

number of sites in simulation: 133000000
compact interval: 5
average number of mutations in simulation: 3.08633e+07
average number of mutations in SFS: 283560
time elapsed (ms): 28359.5
Output file name is sfs_out_selection_{-8.949810e-01}.txt
Already negative selection
Currently we are using the genome wide mutation 1.5e-8: 
Unscaled Point Selection: -0.894981
Number of samples to generate SFS: 111710
Running simulations
Creating population histories 
Creating inflection points
Pop_history and inflection point size, should be the same: 38 38
Creating the demographic history of epochs
Starting final demography epoch: 5000000 inflection point: 55940
Finished creating demographic events
Starting iteration 1 of simulation
Finished all iterations of simulation

number of sites in simulation: 133000000
compact interval: 5
average number of mutations in simulation: 3.08701e+07
average number of mutations in SFS: 283668
time elapsed (ms): 28361.6
Output file name is sfs_out_selection_{-8.946812e-01}.txt
Already negative selection
Currently we are using the genome wide mutation 1.5e-8: 
Unscaled Point Selection: -0.894681
Number of samples to generate SFS: 111710
Running simulations
Creating population histories 
Creating inflection points
Pop_history and inflection point size, should be the same: 38 38
Creating the demographic history of epochs
Starting final demography epoch: 5000000 inflection point: 55940
Finished creating demographic events
Starting iteration 1 of simulation
Finished all iterations of simulation

number of sites in simulation: 133000000
compact interval: 5
average number of mutations in simulation: 3.08766e+07
average number of mutations in SFS: 283764
time elapsed (ms): 28361.1
Output file name is sfs_out_selection_{-8.943815e-01}.txt
Already negative selection
Currently we are using the genome wide mutation 1.5e-8: 
Unscaled Point Selection: -0.894382
Number of samples to generate SFS: 111710
Running simulations
Creating population histories 
Creating inflection points
Pop_history and inflection point size, should be the same: 38 38
Creating the demographic history of epochs
Starting final demography epoch: 5000000 inflection point: 55940
Finished creating demographic events
Starting iteration 1 of simulation
Finished all iterations of simulation

number of sites in simulation: 133000000
compact interval: 5
average number of mutations in simulation: 3.08833e+07
average number of mutations in SFS: 283856
time elapsed (ms): 28341.7
Output file name is sfs_out_selection_{-8.940817e-01}.txt
Already negative selection
Currently we are using the genome wide mutation 1.5e-8: 
Unscaled Point Selection: -0.894082
Number of samples to generate SFS: 111710
Running simulations
Creating population histories 
Creating inflection points
Pop_history and inflection point size, should be the same: 38 38
Creating the demographic history of epochs
Starting final demography epoch: 5000000 inflection point: 55940
Finished creating demographic events
Starting iteration 1 of simulation
Finished all iterations of simulation

number of sites in simulation: 133000000
compact interval: 5
average number of mutations in simulation: 3.08901e+07
average number of mutations in SFS: 283960
time elapsed (ms): 28382.2
Output file name is sfs_out_selection_{-8.937819e-01}.txt
Already negative selection
Currently we are using the genome wide mutation 1.5e-8: 
Unscaled Point Selection: -0.893782
Number of samples to generate SFS: 111710
Running simulations
Creating population histories 
Creating inflection points
Pop_history and inflection point size, should be the same: 38 38
Creating the demographic history of epochs
Starting final demography epoch: 5000000 inflection point: 55940
Finished creating demographic events
Starting iteration 1 of simulation
Finished all iterations of simulation

number of sites in simulation: 133000000
compact interval: 5
average number of mutations in simulation: 3.08968e+07
average number of mutations in SFS: 284076
time elapsed (ms): 28350
Output file name is sfs_out_selection_{-8.934822e-01}.txt
Already negative selection
Currently we are using the genome wide mutation 1.5e-8: 
Unscaled Point Selection: -0.893482
Number of samples to generate SFS: 111710
Running simulations
Creating population histories 
Creating inflection points
Pop_history and inflection point size, should be the same: 38 38
Creating the demographic history of epochs
Starting final demography epoch: 5000000 inflection point: 55940
Finished creating demographic events
Starting iteration 1 of simulation
Finished all iterations of simulation

number of sites in simulation: 133000000
compact interval: 5
average number of mutations in simulation: 3.09036e+07
average number of mutations in SFS: 284164
time elapsed (ms): 28339.4
Output file name is sfs_out_selection_{-8.931824e-01}.txt
Already negative selection
Currently we are using the genome wide mutation 1.5e-8: 
Unscaled Point Selection: -0.893182
Number of samples to generate SFS: 111710
Running simulations
Creating population histories 
Creating inflection points
Pop_history and inflection point size, should be the same: 38 38
Creating the demographic history of epochs
Starting final demography epoch: 5000000 inflection point: 55940
Finished creating demographic events
Starting iteration 1 of simulation
Finished all iterations of simulation

number of sites in simulation: 133000000
compact interval: 5
average number of mutations in simulation: 3.091e+07
average number of mutations in SFS: 284268
time elapsed (ms): 28363.3
Output file name is sfs_out_selection_{-8.928826e-01}.txt
Already negative selection
Currently we are using the genome wide mutation 1.5e-8: 
Unscaled Point Selection: -0.892883
Number of samples to generate SFS: 111710
Running simulations
Creating population histories 
Creating inflection points
Pop_history and inflection point size, should be the same: 38 38
Creating the demographic history of epochs
Starting final demography epoch: 5000000 inflection point: 55940
Finished creating demographic events
Starting iteration 1 of simulation
Finished all iterations of simulation

number of sites in simulation: 133000000
compact interval: 5
average number of mutations in simulation: 3.09174e+07
average number of mutations in SFS: 284372
time elapsed (ms): 28393.8
Output file name is sfs_out_selection_{-8.925829e-01}.txt
Already negative selection
Currently we are using the genome wide mutation 1.5e-8: 
Unscaled Point Selection: -0.892583
Number of samples to generate SFS: 111710
Running simulations
Creating population histories 
Creating inflection points
Pop_history and inflection point size, should be the same: 38 38
Creating the demographic history of epochs
Starting final demography epoch: 5000000 inflection point: 55940
Finished creating demographic events
Starting iteration 1 of simulation
Finished all iterations of simulation

number of sites in simulation: 133000000
compact interval: 5
average number of mutations in simulation: 3.09236e+07
average number of mutations in SFS: 284476
time elapsed (ms): 28404
Output file name is sfs_out_selection_{-8.922831e-01}.txt
Already negative selection
Currently we are using the genome wide mutation 1.5e-8: 
Unscaled Point Selection: -0.892283
Number of samples to generate SFS: 111710
Running simulations
Creating population histories 
Creating inflection points
Pop_history and inflection point size, should be the same: 38 38
Creating the demographic history of epochs
Starting final demography epoch: 5000000 inflection point: 55940
Finished creating demographic events
Starting iteration 1 of simulation
Finished all iterations of simulation

number of sites in simulation: 133000000
compact interval: 5
average number of mutations in simulation: 3.09305e+07
average number of mutations in SFS: 284572
time elapsed (ms): 28321.7
Output file name is sfs_out_selection_{-8.919833e-01}.txt
Already negative selection
Currently we are using the genome wide mutation 1.5e-8: 
Unscaled Point Selection: -0.891983
Number of samples to generate SFS: 111710
Running simulations
Creating population histories 
Creating inflection points
Pop_history and inflection point size, should be the same: 38 38
Creating the demographic history of epochs
Starting final demography epoch: 5000000 inflection point: 55940
Finished creating demographic events
Starting iteration 1 of simulation
Finished all iterations of simulation

number of sites in simulation: 133000000
compact interval: 5
average number of mutations in simulation: 3.09361e+07
average number of mutations in SFS: 284664
time elapsed (ms): 28312.5
run_sims_part9.sh: line 42: syntax error near unexpected token `done'
run_sims_part9.sh: line 42: `done'
