run_sims_part3.sh: line 8: nameofhost: command not found
run_sims_part3.sh: line 9: [[: command not found
on midway3 cluster
/software/cuda-11.7-el8-x86_64/bin:/software/tmux-3.2a-el8-x86_64/bin:/software/libevent-2.1.12-el8-x86_64/bin:/software/python-anaconda-2020.11-el8-x86_64/condabin:/software/python-anaconda-2020.11-el8-x86_64/bin:/software/emacs-27.2-el8-x86_64/bin:/home/mehta5/.local/bin:/home/mehta5/bin:/software/bin:/software/slurm-current-el8-x86_64/bin:/software/modules/bin:/usr/local/bin:/usr/bin:/usr/local/sbin:/usr/sbin:/opt/thinlinc/bin:/project/jjberg/mehta5/ParallelPopGen/examples/example_dadi/GOFish_57_epoch
reading file robertson_samples/sample_30.txt
Currently we are using the genome wide mutation 1.5e-8: 
Unscaled Point Selection: 0.000968342
Number of samples to generate SFS: 720776
Running simulations
Starting iteration 0 of simulation
Finished all iterations of simulation

number of mutations in simulation: 88129296
number of mutations in SFS: 4.9338e+07
time elapsed (ms): 504042

 Saving SFS to: sfs_out_selection_{9.683417e-04}.txt
Finished
Currently we are using the genome wide mutation 1.5e-8: 
Unscaled Point Selection: 0.000972864
Number of samples to generate SFS: 720776
Running simulations
Starting iteration 0 of simulation
28927.998047	28928.000000	28927	28928.000000
28927.998047	28928.000000	28927	28928.000000
28927.998047	28928.000000	28927	28928.000000
28927.998047	28928.000000	28927	28928.000000
28927.998047	28928.000000	28927	28928.000000
28927.998047	28928.000000	28927	28928.000000
28927.998047	28928.000000	28927	28928.000000
28927.998047	28928.000000	28927	28928.000000
28927.998047	28928.000000	28927	28928.000000
28927.998047	28928.000000	28927	28928.000000
28927.998047	28928.000000	28927	28928.000000
28927.998047	28928.000000	28927	28928.000000
28927.998047	28928.000000	28927	28928.000000
28927.998047	28928.000000	28927	28928.000000
28927.998047	28928.000000	28927	28928.000000
28927.998047	28928.000000	28927	28928.000000
28927.998047	28928.000000	28927	28928.000000
28927.998047	28928.000000	28927	28928.000000
28927.998047	28928.000000	28927	28928.000000
28927.998047	28928.000000	28927	28928.000000
28927.998047	28928.000000	28927	28928.000000
28927.998047	28928.000000	28927	28928.000000
28927.998047	28928.000000	28927	28928.000000
28927.998047	28928.000000	28927	28928.000000
28927.998047	28928.000000	28927	28928.000000
28927.998047	28928.000000	28927	28928.000000
28927.998047	28928.000000	28927	28928.000000
28927.998047	28928.000000	28927	28928.000000
28927.998047	28928.000000	28927	28928.000000
28927.998047	28928.000000	28927	28928.000000
28927.998047	28928.000000	28927	28928.000000
28927.998047	28928.000000	28927	28928.000000
28927.998047	28928.000000	28927	28928.000000
54733.996094	54734.000000	54733	54734.000000
54733.996094	54734.000000	54733	54734.000000
54733.996094	54734.000000	54733	54734.000000
54733.996094	54734.000000	54733	54734.000000
54733.996094	54734.000000	54733	54734.000000
54733.996094	54734.000000	54733	54734.000000
54733.996094	54734.000000	54733	54734.000000
54733.996094	54734.000000	54733	54734.000000
54733.996094	54734.000000	54733	54734.000000
54733.996094	54734.000000	54733	54734.000000
54733.996094	54734.000000	54733	54734.000000
64119.996094	64120.000000	64119	64120.000000
28927.998047	28928.000000	28927	28928.000000
28927.998047	28928.000000	28927	28928.000000
28927.998047	28928.000000	28927	28928.000000
28927.998047	28928.000000	28927	28928.000000
28927.998047	28928.000000	28927	28928.000000
28927.998047	28928.000000	28927	28928.000000
28927.998047	28928.000000	28927	28928.000000
28927.998047	28928.000000	28927	28928.000000
28927.998047	28928.000000	28927	28928.000000
28927.998047	28928.000000	28927	28928.000000
28927.998047	28928.000000	28927	28928.000000
28927.998047	28928.000000	28927	28928.000000
28927.998047	28928.000000	28927	28928.000000
28927.998047	28928.000000	28927	28928.000000
28927.998047	28928.000000	28927	28928.000000
28927.998047	28928.000000	28927	28928.000000
28927.998047	28928.000000	28927	28928.000000
28927.998047	28928.000000	28927	28928.000000
28927.998047	28928.000000	28927	28928.000000
28927.998047	28928.000000	28927	28928.000000
28927.998047	28928.000000	28927	28928.000000
28927.998047	28928.000000	28927	28928.000000
28927.998047	28928.000000	28927	28928.000000
28927.998047	28928.000000	28927	28928.000000
28927.998047	28928.000000	28927	28928.000000
28927.998047	28928.000000	28927	28928.000000
28927.998047	28928.000000	28927	28928.000000
28927.998047	28928.000000	28927	28928.000000
54733.996094	54734.000000	54733	54734.000000
54733.996094	54734.000000	54733	54734.000000
54733.996094	54734.000000	54733	54734.000000
54733.996094	54734.000000	54733	54734.000000
54733.996094	54734.000000	54733	54734.000000
64119.996094	64120.000000	64119	64120.000000
64119.996094	64120.000000	64119	64120.000000
64119.996094	64120.000000	64119	64120.000000
64119.996094	64120.000000	64119	64120.000000
64119.996094	64120.000000	64119	64120.000000
64119.996094	64120.000000	64119	64120.000000
64119.996094	64120.000000	64119	64120.000000
Finished all iterations of simulation

number of mutations in simulation: 88124872
number of mutations in SFS: 4.93336e+07
time elapsed (ms): 502971

 Saving SFS to: sfs_out_selection_{9.728643e-04}.txt
Finished
Currently we are using the genome wide mutation 1.5e-8: 
Unscaled Point Selection: 0.000977387
Number of samples to generate SFS: 720776
Running simulations
Starting iteration 0 of simulation
Finished all iterations of simulation

number of mutations in simulation: 88120741
number of mutations in SFS: 4.93295e+07
time elapsed (ms): 502476

 Saving SFS to: sfs_out_selection_{9.773869e-04}.txt
Finished
Currently we are using the genome wide mutation 1.5e-8: 
Unscaled Point Selection: 0.000981909
Number of samples to generate SFS: 720776
Running simulations
Starting iteration 0 of simulation
28927.998047	28928.000000	28927	28928.000000
28927.998047	28928.000000	28927	28928.000000
28927.998047	28928.000000	28927	28928.000000
28927.998047	28928.000000	28927	28928.000000
28927.998047	28928.000000	28927	28928.000000
28927.998047	28928.000000	28927	28928.000000
28927.998047	28928.000000	28927	28928.000000
28927.998047	28928.000000	28927	28928.000000
28927.998047	28928.000000	28927	28928.000000
28927.998047	28928.000000	28927	28928.000000
28927.998047	28928.000000	28927	28928.000000
28927.998047	28928.000000	28927	28928.000000
28927.998047	28928.000000	28927	28928.000000
28927.998047	28928.000000	28927	28928.000000
28927.998047	28928.000000	28927	28928.000000
28927.998047	28928.000000	28927	28928.000000
28927.998047	28928.000000	28927	28928.000000
28927.998047	28928.000000	28927	28928.000000
28927.998047	28928.000000	28927	28928.000000
28927.998047	28928.000000	28927	28928.000000
28927.998047	28928.000000	28927	28928.000000
28927.998047	28928.000000	28927	28928.000000
28927.998047	28928.000000	28927	28928.000000
28927.998047	28928.000000	28927	28928.000000
28927.998047	28928.000000	28927	28928.000000
28927.998047	28928.000000	28927	28928.000000
28927.998047	28928.000000	28927	28928.000000
28927.998047	28928.000000	28927	28928.000000
28927.998047	28928.000000	28927	28928.000000
28927.998047	28928.000000	28927	28928.000000
28927.998047	28928.000000	28927	28928.000000
28927.998047	28928.000000	28927	28928.000000
28927.998047	28928.000000	28927	28928.000000
28927.998047	28928.000000	28927	28928.000000
28927.998047	28928.000000	28927	28928.000000
28927.998047	28928.000000	28927	28928.000000
28927.998047	28928.000000	28927	28928.000000
28927.998047	28928.000000	28927	28928.000000
28927.998047	28928.000000	28927	28928.000000
28927.998047	28928.000000	28927	28928.000000
28927.998047	28928.000000	28927	28928.000000
28927.998047	28928.000000	28927	28928.000000
28927.998047	28928.000000	28927	28928.000000
28927.998047	28928.000000	28927	28928.000000
28927.998047	28928.000000	28927	28928.000000
28927.998047	28928.000000	28927	28928.000000
28927.998047	28928.000000	28927	28928.000000
28927.998047	28928.000000	28927	28928.000000
28927.998047	28928.000000	28927	28928.000000
28927.998047	28928.000000	28927	28928.000000
28927.998047	28928.000000	28927	28928.000000
28927.998047	28928.000000	28927	28928.000000
28927.998047	28928.000000	28927	28928.000000
28927.998047	28928.000000	28927	28928.000000
28927.998047	28928.000000	28927	28928.000000
28927.998047	28928.000000	28927	28928.000000
28927.998047	28928.000000	28927	28928.000000
Finished all iterations of simulation

number of mutations in simulation: 88116287
number of mutations in SFS: 4.93252e+07
time elapsed (ms): 501668

 Saving SFS to: sfs_out_selection_{9.819095e-04}.txt
Finished
Currently we are using the genome wide mutation 1.5e-8: 
Unscaled Point Selection: 0.000986432
Number of samples to generate SFS: 720776
Running simulations
Starting iteration 0 of simulation
14953.999023	14954.000000	14953	14954.000000
14953.999023	14954.000000	14953	14954.000000
14953.999023	14954.000000	14953	14954.000000
Finished all iterations of simulation

number of mutations in simulation: 88111839
number of mutations in SFS: 4.93208e+07
time elapsed (ms): 501505

 Saving SFS to: sfs_out_selection_{9.864322e-04}.txt
Finished
reading file robertson_samples/sample_31.txt
Currently we are using the genome wide mutation 1.5e-8: 
Unscaled Point Selection: 0.000990955
Number of samples to generate SFS: 720776
Running simulations
Starting iteration 0 of simulation
28135.998047	28136.000000	28135	28136.000000
28135.998047	28136.000000	28135	28136.000000
28135.998047	28136.000000	28135	28136.000000
28135.998047	28136.000000	28135	28136.000000
28135.998047	28136.000000	28135	28136.000000
28135.998047	28136.000000	28135	28136.000000
28135.998047	28136.000000	28135	28136.000000
28135.998047	28136.000000	28135	28136.000000
28135.998047	28136.000000	28135	28136.000000
28135.998047	28136.000000	28135	28136.000000
28135.998047	28136.000000	28135	28136.000000
28135.998047	28136.000000	28135	28136.000000
28135.998047	28136.000000	28135	28136.000000
28135.998047	28136.000000	28135	28136.000000
28135.998047	28136.000000	28135	28136.000000
28135.998047	28136.000000	28135	28136.000000
28135.998047	28136.000000	28135	28136.000000
28135.998047	28136.000000	28135	28136.000000
28135.998047	28136.000000	28135	28136.000000
28135.998047	28136.000000	28135	28136.000000
28135.998047	28136.000000	28135	28136.000000
28135.998047	28136.000000	28135	28136.000000
28135.998047	28136.000000	28135	28136.000000
28135.998047	28136.000000	28135	28136.000000
28135.998047	28136.000000	28135	28136.000000
28135.998047	28136.000000	28135	28136.000000
28135.998047	28136.000000	28135	28136.000000
28135.998047	28136.000000	28135	28136.000000
28135.998047	28136.000000	28135	28136.000000
28135.998047	28136.000000	28135	28136.000000
28135.998047	28136.000000	28135	28136.000000
28135.998047	28136.000000	28135	28136.000000
28135.998047	28136.000000	28135	28136.000000
28135.998047	28136.000000	28135	28136.000000
28135.998047	28136.000000	28135	28136.000000
28135.998047	28136.000000	28135	28136.000000
28135.998047	28136.000000	28135	28136.000000
28135.998047	28136.000000	28135	28136.000000
28135.998047	28136.000000	28135	28136.000000
28135.998047	28136.000000	28135	28136.000000
28135.998047	28136.000000	28135	28136.000000
28135.998047	28136.000000	28135	28136.000000
28135.998047	28136.000000	28135	28136.000000
28135.998047	28136.000000	28135	28136.000000
28135.998047	28136.000000	28135	28136.000000
28135.998047	28136.000000	28135	28136.000000
28135.998047	28136.000000	28135	28136.000000
28135.998047	28136.000000	28135	28136.000000
28135.998047	28136.000000	28135	28136.000000
28135.998047	28136.000000	28135	28136.000000
28135.998047	28136.000000	28135	28136.000000
28135.998047	28136.000000	28135	28136.000000
28135.998047	28136.000000	28135	28136.000000
28135.998047	28136.000000	28135	28136.000000
28135.998047	28136.000000	28135	28136.000000
28135.998047	28136.000000	28135	28136.000000
28135.998047	28136.000000	28135	28136.000000
28135.998047	28136.000000	28135	28136.000000
28135.998047	28136.000000	28135	28136.000000
28135.998047	28136.000000	28135	28136.000000
28135.998047	28136.000000	28135	28136.000000
28135.998047	28136.000000	28135	28136.000000
28135.998047	28136.000000	28135	28136.000000
28135.998047	28136.000000	28135	28136.000000
28135.998047	28136.000000	28135	28136.000000
28135.998047	28136.000000	28135	28136.000000
28135.998047	28136.000000	28135	28136.000000
28135.998047	28136.000000	28135	28136.000000
28135.998047	28136.000000	28135	28136.000000
28135.998047	28136.000000	28135	28136.000000
28135.998047	28136.000000	28135	28136.000000
28135.998047	28136.000000	28135	28136.000000
28135.998047	28136.000000	28135	28136.000000
28135.998047	28136.000000	28135	28136.000000
28135.998047	28136.000000	28135	28136.000000
28135.998047	28136.000000	28135	28136.000000
28135.998047	28136.000000	28135	28136.000000
28135.998047	28136.000000	28135	28136.000000
28135.998047	28136.000000	28135	28136.000000
28135.998047	28136.000000	28135	28136.000000
28135.998047	28136.000000	28135	28136.000000
28135.998047	28136.000000	28135	28136.000000
28135.998047	28136.000000	28135	28136.000000
28135.998047	28136.000000	28135	28136.000000
28135.998047	28136.000000	28135	28136.000000
28135.998047	28136.000000	28135	28136.000000
28135.998047	28136.000000	28135	28136.000000
28135.998047	28136.000000	28135	28136.000000
28135.998047	28136.000000	28135	28136.000000
28135.998047	28136.000000	28135	28136.000000
28135.998047	28136.000000	28135	28136.000000
28135.998047	28136.000000	28135	28136.000000
28135.998047	28136.000000	28135	28136.000000
28135.998047	28136.000000	28135	28136.000000
28135.998047	28136.000000	28135	28136.000000
28135.998047	28136.000000	28135	28136.000000
28135.998047	28136.000000	28135	28136.000000
28135.998047	28136.000000	28135	28136.000000
28135.998047	28136.000000	28135	28136.000000
28135.998047	28136.000000	28135	28136.000000
28135.998047	28136.000000	28135	28136.000000
28135.998047	28136.000000	28135	28136.000000
28135.998047	28136.000000	28135	28136.000000
54733.996094	54734.000000	54733	54734.000000
54733.996094	54734.000000	54733	54734.000000
54733.996094	54734.000000	54733	54734.000000
54733.996094	54734.000000	54733	54734.000000
54733.996094	54734.000000	54733	54734.000000
54733.996094	54734.000000	54733	54734.000000
54733.996094	54734.000000	54733	54734.000000
53371.996094	53372.000000	53371	53372.000000
53371.996094	53372.000000	53371	53372.000000
28135.998047	28136.000000	28135	28136.000000
28135.998047	28136.000000	28135	28136.000000
28135.998047	28136.000000	28135	28136.000000
28135.998047	28136.000000	28135	28136.000000
28135.998047	28136.000000	28135	28136.000000
28135.998047	28136.000000	28135	28136.000000
28135.998047	28136.000000	28135	28136.000000
28135.998047	28136.000000	28135	28136.000000
28135.998047	28136.000000	28135	28136.000000
28135.998047	28136.000000	28135	28136.000000
28135.998047	28136.000000	28135	28136.000000
28135.998047	28136.000000	28135	28136.000000
28135.998047	28136.000000	28135	28136.000000
28135.998047	28136.000000	28135	28136.000000
28135.998047	28136.000000	28135	28136.000000
28135.998047	28136.000000	28135	28136.000000
28135.998047	28136.000000	28135	28136.000000
28135.998047	28136.000000	28135	28136.000000
28135.998047	28136.000000	28135	28136.000000
28135.998047	28136.000000	28135	28136.000000
28135.998047	28136.000000	28135	28136.000000
28135.998047	28136.000000	28135	28136.000000
28135.998047	28136.000000	28135	28136.000000
28135.998047	28136.000000	28135	28136.000000
28135.998047	28136.000000	28135	28136.000000
28135.998047	28136.000000	28135	28136.000000
28135.998047	28136.000000	28135	28136.000000
28135.998047	28136.000000	28135	28136.000000
28135.998047	28136.000000	28135	28136.000000
28135.998047	28136.000000	28135	28136.000000
28135.998047	28136.000000	28135	28136.000000
28135.998047	28136.000000	28135	28136.000000
28135.998047	28136.000000	28135	28136.000000
28135.998047	28136.000000	28135	28136.000000
28135.998047	28136.000000	28135	28136.000000
28135.998047	28136.000000	28135	28136.000000
28135.998047	28136.000000	28135	28136.000000
28135.998047	28136.000000	28135	28136.000000
28135.998047	28136.000000	28135	28136.000000
28135.998047	28136.000000	28135	28136.000000
28135.998047	28136.000000	28135	28136.000000
28135.998047	28136.000000	28135	28136.000000
28135.998047	28136.000000	28135	28136.000000
28135.998047	28136.000000	28135	28136.000000
28135.998047	28136.000000	28135	28136.000000
28135.998047	28136.000000	28135	28136.000000
28135.998047	28136.000000	28135	28136.000000
28135.998047	28136.000000	28135	28136.000000
28135.998047	28136.000000	28135	28136.000000
28135.998047	28136.000000	28135	28136.000000
28135.998047	28136.000000	28135	28136.000000
28135.998047	28136.000000	28135	28136.000000
28135.998047	28136.000000	28135	28136.000000
28135.998047	28136.000000	28135	28136.000000
28135.998047	28136.000000	28135	28136.000000
28135.998047	28136.000000	28135	28136.000000
28135.998047	28136.000000	28135	28136.000000
28135.998047	28136.000000	28135	28136.000000
28135.998047	28136.000000	28135	28136.000000
28135.998047	28136.000000	28135	28136.000000
28135.998047	28136.000000	28135	28136.000000
28135.998047	28136.000000	28135	28136.000000
28135.998047	28136.000000	28135	28136.000000
28135.998047	28136.000000	28135	28136.000000
28135.998047	28136.000000	28135	28136.000000
28135.998047	28136.000000	28135	28136.000000
28135.998047	28136.000000	28135	28136.000000
28135.998047	28136.000000	28135	28136.000000
28135.998047	28136.000000	28135	28136.000000
28135.998047	28136.000000	28135	28136.000000
28135.998047	28136.000000	28135	28136.000000
28135.998047	28136.000000	28135	28136.000000
28135.998047	28136.000000	28135	28136.000000
28135.998047	28136.000000	28135	28136.000000
28135.998047	28136.000000	28135	28136.000000
28135.998047	28136.000000	28135	28136.000000
28135.998047	28136.000000	28135	28136.000000
28135.998047	28136.000000	28135	28136.000000
28135.998047	28136.000000	28135	28136.000000
28135.998047	28136.000000	28135	28136.000000
28135.998047	28136.000000	28135	28136.000000
28135.998047	28136.000000	28135	28136.000000
28135.998047	28136.000000	28135	28136.000000
28135.998047	28136.000000	28135	28136.000000
28135.998047	28136.000000	28135	28136.000000
28135.998047	28136.000000	28135	28136.000000
28135.998047	28136.000000	28135	28136.000000
28135.998047	28136.000000	28135	28136.000000
28135.998047	28136.000000	28135	28136.000000
28135.998047	28136.000000	28135	28136.000000
28135.998047	28136.000000	28135	28136.000000
28135.998047	28136.000000	28135	28136.000000
28135.998047	28136.000000	28135	28136.000000
28135.998047	28136.000000	28135	28136.000000
28135.998047	28136.000000	28135	28136.000000
54733.996094	54734.000000	54733	54734.000000
54733.996094	54734.000000	54733	54734.000000
54733.996094	54734.000000	54733	54734.000000
54733.996094	54734.000000	54733	54734.000000
54733.996094	54734.000000	54733	54734.000000
54733.996094	54734.000000	54733	54734.000000
54733.996094	54734.000000	54733	54734.000000
54733.996094	54734.000000	54733	54734.000000
54733.996094	54734.000000	54733	54734.000000
53371.996094	53372.000000	53371	53372.000000
Finished all iterations of simulation

number of mutations in simulation: 88107678
number of mutations in SFS: 4.93167e+07
time elapsed (ms): 501464

 Saving SFS to: sfs_out_selection_{9.909548e-04}.txt
Finished
Currently we are using the genome wide mutation 1.5e-8: 
Unscaled Point Selection: 0.000995477
Number of samples to generate SFS: 720776
Running simulations
Starting iteration 0 of simulation
43067.996094	43068.000000	43067	43068.000000
43067.996094	43068.000000	43067	43068.000000
43067.996094	43068.000000	43067	43068.000000
43067.996094	43068.000000	43067	43068.000000
43067.996094	43068.000000	43067	43068.000000
43067.996094	43068.000000	43067	43068.000000
43067.996094	43068.000000	43067	43068.000000
43067.996094	43068.000000	43067	43068.000000
43067.996094	43068.000000	43067	43068.000000
43067.996094	43068.000000	43067	43068.000000
43067.996094	43068.000000	43067	43068.000000
43067.996094	43068.000000	43067	43068.000000
43067.996094	43068.000000	43067	43068.000000
43067.996094	43068.000000	43067	43068.000000
43067.996094	43068.000000	43067	43068.000000
43067.996094	43068.000000	43067	43068.000000
58807.996094	58808.000000	58807	58808.000000
43067.996094	43068.000000	43067	43068.000000
43067.996094	43068.000000	43067	43068.000000
43067.996094	43068.000000	43067	43068.000000
43067.996094	43068.000000	43067	43068.000000
43067.996094	43068.000000	43067	43068.000000
43067.996094	43068.000000	43067	43068.000000
43067.996094	43068.000000	43067	43068.000000
43067.996094	43068.000000	43067	43068.000000
43067.996094	43068.000000	43067	43068.000000
43067.996094	43068.000000	43067	43068.000000
43067.996094	43068.000000	43067	43068.000000
43067.996094	43068.000000	43067	43068.000000
43067.996094	43068.000000	43067	43068.000000
43067.996094	43068.000000	43067	43068.000000
43067.996094	43068.000000	43067	43068.000000
43067.996094	43068.000000	43067	43068.000000
43067.996094	43068.000000	43067	43068.000000
58807.996094	58808.000000	58807	58808.000000
58807.996094	58808.000000	58807	58808.000000
14953.999023	14954.000000	14953	14954.000000
Finished all iterations of simulation

number of mutations in simulation: 88103519
number of mutations in SFS: 4.93126e+07
time elapsed (ms): 501309

 Saving SFS to: sfs_out_selection_{9.954774e-04}.txt
Finished
Currently we are using the genome wide mutation 1.5e-8: 
Unscaled Point Selection: 0.001
Number of samples to generate SFS: 720776
Running simulations
Starting iteration 0 of simulation
Finished all iterations of simulation

number of mutations in simulation: 88099136
number of mutations in SFS: 4.93083e+07
time elapsed (ms): 501285

 Saving SFS to: sfs_out_selection_{1.000000e-03}.txt
Finished
Currently we are using the genome wide mutation 1.5e-8: 
Unscaled Point Selection: 0.00104523
Number of samples to generate SFS: 720776
Running simulations
Starting iteration 0 of simulation
Finished all iterations of simulation

number of mutations in simulation: 88056964
number of mutations in SFS: 4.92668e+07
time elapsed (ms): 500946

 Saving SFS to: sfs_out_selection_{1.045226e-03}.txt
Finished
Currently we are using the genome wide mutation 1.5e-8: 
Unscaled Point Selection: 0.00109045
Number of samples to generate SFS: 720776
Running simulations
Starting iteration 0 of simulation
Finished all iterations of simulation

number of mutations in simulation: 88015679
number of mutations in SFS: 4.92259e+07
time elapsed (ms): 500645

 Saving SFS to: sfs_out_selection_{1.090452e-03}.txt
Finished
reading file robertson_samples/sample_32.txt
Currently we are using the genome wide mutation 1.5e-8: 
Unscaled Point Selection: 0.0049799
Number of samples to generate SFS: 720776
Running simulations
Starting iteration 0 of simulation
Finished all iterations of simulation

number of mutations in simulation: 84944662
number of mutations in SFS: 4.62089e+07
time elapsed (ms): 482369

 Saving SFS to: sfs_out_selection_{4.979899e-03}.txt
Finished
Currently we are using the genome wide mutation 1.5e-8: 
Unscaled Point Selection: 0.00502513
Number of samples to generate SFS: 720776
Running simulations
Starting iteration 0 of simulation
28135.998047	28136.000000	28135	28136.000000
28135.998047	28136.000000	28135	28136.000000
28135.998047	28136.000000	28135	28136.000000
28135.998047	28136.000000	28135	28136.000000
28135.998047	28136.000000	28135	28136.000000
Finished all iterations of simulation

number of mutations in simulation: 84913377
number of mutations in SFS: 4.61783e+07
time elapsed (ms): 482275

 Saving SFS to: sfs_out_selection_{5.025126e-03}.txt
Finished
Currently we are using the genome wide mutation 1.5e-8: 
Unscaled Point Selection: 0.00507035
Number of samples to generate SFS: 720776
Running simulations
Starting iteration 0 of simulation
Finished all iterations of simulation

number of mutations in simulation: 84882780
number of mutations in SFS: 4.61482e+07
time elapsed (ms): 482069

 Saving SFS to: sfs_out_selection_{5.070352e-03}.txt
Finished
Currently we are using the genome wide mutation 1.5e-8: 
Unscaled Point Selection: 0.00511558
Number of samples to generate SFS: 720776
Running simulations
Starting iteration 0 of simulation
Finished all iterations of simulation

number of mutations in simulation: 84851387
number of mutations in SFS: 4.61175e+07
time elapsed (ms): 481965

 Saving SFS to: sfs_out_selection_{5.115578e-03}.txt
Finished
Currently we are using the genome wide mutation 1.5e-8: 
Unscaled Point Selection: 0.0051608
Number of samples to generate SFS: 720776
Running simulations
Starting iteration 0 of simulation
Finished all iterations of simulation

number of mutations in simulation: 84820213
number of mutations in SFS: 4.60869e+07
time elapsed (ms): 481583

 Saving SFS to: sfs_out_selection_{5.160804e-03}.txt
Finished
reading file robertson_samples/sample_33.txt
Currently we are using the genome wide mutation 1.5e-8: 
Unscaled Point Selection: 0.00520603
Number of samples to generate SFS: 720776
Running simulations
Starting iteration 0 of simulation
Finished all iterations of simulation

number of mutations in simulation: 84789098
number of mutations in SFS: 4.60565e+07
time elapsed (ms): 481599

 Saving SFS to: sfs_out_selection_{5.206030e-03}.txt
Finished
Currently we are using the genome wide mutation 1.5e-8: 
Unscaled Point Selection: 0.00525126
Number of samples to generate SFS: 720776
Running simulations
Starting iteration 0 of simulation
Finished all iterations of simulation

number of mutations in simulation: 84758281
number of mutations in SFS: 4.60264e+07
time elapsed (ms): 481975

 Saving SFS to: sfs_out_selection_{5.251256e-03}.txt
Finished
Currently we are using the genome wide mutation 1.5e-8: 
Unscaled Point Selection: 0.00529648
Number of samples to generate SFS: 720776
Running simulations
Starting iteration 0 of simulation
28895.998047	28896.000000	28895	28896.000000
28895.998047	28896.000000	28895	28896.000000
28895.998047	28896.000000	28895	28896.000000
28895.998047	28896.000000	28895	28896.000000
28895.998047	28896.000000	28895	28896.000000
Finished all iterations of simulation

number of mutations in simulation: 84727855
number of mutations in SFS: 4.59964e+07
time elapsed (ms): 481662

 Saving SFS to: sfs_out_selection_{5.296482e-03}.txt
Finished
Currently we are using the genome wide mutation 1.5e-8: 
Unscaled Point Selection: 0.00534171
Number of samples to generate SFS: 720776
Running simulations
Starting iteration 0 of simulation
Finished all iterations of simulation

number of mutations in simulation: 84696856
number of mutations in SFS: 4.59662e+07
time elapsed (ms): 480973

 Saving SFS to: sfs_out_selection_{5.341709e-03}.txt
Finished
Currently we are using the genome wide mutation 1.5e-8: 
Unscaled Point Selection: 0.00538694
Number of samples to generate SFS: 720776
Running simulations
Starting iteration 0 of simulation
Finished all iterations of simulation

number of mutations in simulation: 84666061
number of mutations in SFS: 4.5936e+07
time elapsed (ms): 480882

 Saving SFS to: sfs_out_selection_{5.386935e-03}.txt
Finished
reading file robertson_samples/sample_34.txt
Currently we are using the genome wide mutation 1.5e-8: 
Unscaled Point Selection: 0.00543216
Number of samples to generate SFS: 720776
Running simulations
Starting iteration 0 of simulation
28895.998047	28896.000000	28895	28896.000000
28895.998047	28896.000000	28895	28896.000000
28895.998047	28896.000000	28895	28896.000000
28895.998047	28896.000000	28895	28896.000000
Finished all iterations of simulation

number of mutations in simulation: 84635435
number of mutations in SFS: 4.5906e+07
time elapsed (ms): 480743

 Saving SFS to: sfs_out_selection_{5.432161e-03}.txt
Finished
Currently we are using the genome wide mutation 1.5e-8: 
Unscaled Point Selection: 0.00547739
Number of samples to generate SFS: 720776
Running simulations
Starting iteration 0 of simulation
Finished all iterations of simulation

number of mutations in simulation: 84605248
number of mutations in SFS: 4.58765e+07
time elapsed (ms): 481498

 Saving SFS to: sfs_out_selection_{5.477387e-03}.txt
Finished
Currently we are using the genome wide mutation 1.5e-8: 
Unscaled Point Selection: 0.00552261
Number of samples to generate SFS: 720776
Running simulations
Starting iteration 0 of simulation
Finished all iterations of simulation

number of mutations in simulation: 84574969
number of mutations in SFS: 4.58469e+07
time elapsed (ms): 480532

 Saving SFS to: sfs_out_selection_{5.522613e-03}.txt
Finished
Currently we are using the genome wide mutation 1.5e-8: 
Unscaled Point Selection: 0.00556784
Number of samples to generate SFS: 720776
Running simulations
Starting iteration 0 of simulation
Finished all iterations of simulation

number of mutations in simulation: 84544543
number of mutations in SFS: 4.58172e+07
time elapsed (ms): 480145

 Saving SFS to: sfs_out_selection_{5.567839e-03}.txt
Finished
Currently we are using the genome wide mutation 1.5e-8: 
Unscaled Point Selection: 0.00561306
Number of samples to generate SFS: 720776
Running simulations
Starting iteration 0 of simulation
28135.998047	28136.000000	28135	28136.000000
Finished all iterations of simulation

number of mutations in simulation: 84514403
number of mutations in SFS: 4.57877e+07
time elapsed (ms): 479973

 Saving SFS to: sfs_out_selection_{5.613065e-03}.txt
Finished
reading file robertson_samples/sample_35.txt
Currently we are using the genome wide mutation 1.5e-8: 
Unscaled Point Selection: 0.00565829
Number of samples to generate SFS: 720776
Running simulations
Starting iteration 0 of simulation
28135.998047	28136.000000	28135	28136.000000
Finished all iterations of simulation

number of mutations in simulation: 84484480
number of mutations in SFS: 4.57584e+07
time elapsed (ms): 480170

 Saving SFS to: sfs_out_selection_{5.658291e-03}.txt
Finished
Currently we are using the genome wide mutation 1.5e-8: 
Unscaled Point Selection: 0.00570352
Number of samples to generate SFS: 720776
Running simulations
Starting iteration 0 of simulation
Finished all iterations of simulation

number of mutations in simulation: 84454721
number of mutations in SFS: 4.57294e+07
time elapsed (ms): 479458

 Saving SFS to: sfs_out_selection_{5.703518e-03}.txt
Finished
Currently we are using the genome wide mutation 1.5e-8: 
Unscaled Point Selection: 0.00574874
Number of samples to generate SFS: 720776
Running simulations
Starting iteration 0 of simulation
Finished all iterations of simulation

number of mutations in simulation: 84425129
number of mutations in SFS: 4.57004e+07
time elapsed (ms): 479835

 Saving SFS to: sfs_out_selection_{5.748744e-03}.txt
Finished
Currently we are using the genome wide mutation 1.5e-8: 
Unscaled Point Selection: 0.00579397
Number of samples to generate SFS: 720776
Running simulations
Starting iteration 0 of simulation
28895.998047	28896.000000	28895	28896.000000
28895.998047	28896.000000	28895	28896.000000
28895.998047	28896.000000	28895	28896.000000
28895.998047	28896.000000	28895	28896.000000
Finished all iterations of simulation

number of mutations in simulation: 84395201
number of mutations in SFS: 4.56711e+07
time elapsed (ms): 479098

 Saving SFS to: sfs_out_selection_{5.793970e-03}.txt
Finished
reading file robertson_samples/sample_36.txt
Currently we are using the genome wide mutation 1.5e-8: 
Unscaled Point Selection: 0.0058392
Number of samples to generate SFS: 720776
Running simulations
Starting iteration 0 of simulation
Finished all iterations of simulation

number of mutations in simulation: 84365755
number of mutations in SFS: 4.56423e+07
time elapsed (ms): 478906

 Saving SFS to: sfs_out_selection_{5.839196e-03}.txt
Finished
Currently we are using the genome wide mutation 1.5e-8: 
Unscaled Point Selection: 0.00588442
Number of samples to generate SFS: 720776
Running simulations
Starting iteration 0 of simulation
Finished all iterations of simulation

number of mutations in simulation: 84335859
number of mutations in SFS: 4.56131e+07
time elapsed (ms): 478901

 Saving SFS to: sfs_out_selection_{5.884422e-03}.txt
Finished
Currently we are using the genome wide mutation 1.5e-8: 
Unscaled Point Selection: 0.00592965
Number of samples to generate SFS: 720776
Running simulations
Starting iteration 0 of simulation
Finished all iterations of simulation

number of mutations in simulation: 84306227
number of mutations in SFS: 4.5584e+07
time elapsed (ms): 478758

 Saving SFS to: sfs_out_selection_{5.929648e-03}.txt
Finished
Currently we are using the genome wide mutation 1.5e-8: 
Unscaled Point Selection: 0.00597487
Number of samples to generate SFS: 720776
Running simulations
Starting iteration 0 of simulation
Finished all iterations of simulation

number of mutations in simulation: 84276925
number of mutations in SFS: 4.55553e+07
time elapsed (ms): 478479

 Saving SFS to: sfs_out_selection_{5.974874e-03}.txt
Finished
reading file robertson_samples/sample_37.txt
Currently we are using the genome wide mutation 1.5e-8: 
Unscaled Point Selection: 0.0060201
Number of samples to generate SFS: 720776
Running simulations
Starting iteration 0 of simulation
Finished all iterations of simulation

number of mutations in simulation: 84247817
number of mutations in SFS: 4.55267e+07
time elapsed (ms): 478356

 Saving SFS to: sfs_out_selection_{6.020101e-03}.txt
Finished
Currently we are using the genome wide mutation 1.5e-8: 
Unscaled Point Selection: 0.00606533
Number of samples to generate SFS: 720776
Running simulations
Starting iteration 0 of simulation
Finished all iterations of simulation

number of mutations in simulation: 84218199
number of mutations in SFS: 4.54978e+07
time elapsed (ms): 478570

 Saving SFS to: sfs_out_selection_{6.065327e-03}.txt
Finished
Currently we are using the genome wide mutation 1.5e-8: 
Unscaled Point Selection: 0.00611055
Number of samples to generate SFS: 720776
Running simulations
Starting iteration 0 of simulation
Finished all iterations of simulation

number of mutations in simulation: 84189250
number of mutations in SFS: 4.54694e+07
time elapsed (ms): 477909

 Saving SFS to: sfs_out_selection_{6.110553e-03}.txt
Finished
Currently we are using the genome wide mutation 1.5e-8: 
Unscaled Point Selection: 0.00615578
Number of samples to generate SFS: 720776
Running simulations
Starting iteration 0 of simulation
28135.998047	28136.000000	28135	28136.000000
28135.998047	28136.000000	28135	28136.000000
28135.998047	28136.000000	28135	28136.000000
28135.998047	28136.000000	28135	28136.000000
Finished all iterations of simulation

number of mutations in simulation: 84160163
number of mutations in SFS: 4.5441e+07
time elapsed (ms): 478293

 Saving SFS to: sfs_out_selection_{6.155779e-03}.txt
Finished
reading file robertson_samples/sample_38.txt
Currently we are using the genome wide mutation 1.5e-8: 
Unscaled Point Selection: 0.00620101
Number of samples to generate SFS: 720776
Running simulations
Starting iteration 0 of simulation
Finished all iterations of simulation

number of mutations in simulation: 84130870
number of mutations in SFS: 4.54125e+07
time elapsed (ms): 477598

 Saving SFS to: sfs_out_selection_{6.201005e-03}.txt
Finished
Currently we are using the genome wide mutation 1.5e-8: 
Unscaled Point Selection: 0.00624623
Number of samples to generate SFS: 720776
Running simulations
Starting iteration 0 of simulation
Finished all iterations of simulation

number of mutations in simulation: 84102011
number of mutations in SFS: 4.53843e+07
time elapsed (ms): 477580

 Saving SFS to: sfs_out_selection_{6.246231e-03}.txt
Finished
Currently we are using the genome wide mutation 1.5e-8: 
Unscaled Point Selection: 0.00629146
Number of samples to generate SFS: 720776
Running simulations
Starting iteration 0 of simulation
Finished all iterations of simulation

number of mutations in simulation: 84073485
number of mutations in SFS: 4.53565e+07
time elapsed (ms): 477354

 Saving SFS to: sfs_out_selection_{6.291457e-03}.txt
Finished
Currently we are using the genome wide mutation 1.5e-8: 
Unscaled Point Selection: 0.00633668
Number of samples to generate SFS: 720776
Running simulations
Starting iteration 0 of simulation
Finished all iterations of simulation

number of mutations in simulation: 84044552
number of mutations in SFS: 4.53283e+07
time elapsed (ms): 477173

 Saving SFS to: sfs_out_selection_{6.336683e-03}.txt
Finished
reading file robertson_samples/sample_39.txt
Currently we are using the genome wide mutation 1.5e-8: 
Unscaled Point Selection: 0.00638191
Number of samples to generate SFS: 720776
Running simulations
Starting iteration 0 of simulation
Finished all iterations of simulation

number of mutations in simulation: 84015762
number of mutations in SFS: 4.53002e+07
time elapsed (ms): 477210

 Saving SFS to: sfs_out_selection_{6.381910e-03}.txt
Finished
Currently we are using the genome wide mutation 1.5e-8: 
Unscaled Point Selection: 0.00642714
Number of samples to generate SFS: 720776
Running simulations
Starting iteration 0 of simulation
Finished all iterations of simulation

number of mutations in simulation: 83987279
number of mutations in SFS: 4.52725e+07
time elapsed (ms): 478024

 Saving SFS to: sfs_out_selection_{6.427136e-03}.txt
Finished
Currently we are using the genome wide mutation 1.5e-8: 
Unscaled Point Selection: 0.00647236
Number of samples to generate SFS: 720776
Running simulations
Starting iteration 0 of simulation
Finished all iterations of simulation

number of mutations in simulation: 83958572
number of mutations in SFS: 4.52443e+07
time elapsed (ms): 476512

 Saving SFS to: sfs_out_selection_{6.472362e-03}.txt
Finished
Currently we are using the genome wide mutation 1.5e-8: 
Unscaled Point Selection: 0.00651759
Number of samples to generate SFS: 720776
Running simulations
Starting iteration 0 of simulation
Finished all iterations of simulation

number of mutations in simulation: 83929923
number of mutations in SFS: 4.52164e+07
time elapsed (ms): 476812

 Saving SFS to: sfs_out_selection_{6.517588e-03}.txt
Finished
reading file robertson_samples/sample_3.txt
Currently we are using the genome wide mutation 1.5e-8: 
Unscaled Point Selection: 1.10368e-05
Number of samples to generate SFS: 720776
Running simulations
Starting iteration 0 of simulation
28895.998047	28896.000000	28895	28896.000000
28895.998047	28896.000000	28895	28896.000000
28895.998047	28896.000000	28895	28896.000000
28895.998047	28896.000000	28895	28896.000000
28895.998047	28896.000000	28895	28896.000000
28895.998047	28896.000000	28895	28896.000000
28895.998047	28896.000000	28895	28896.000000
28895.998047	28896.000000	28895	28896.000000
28895.998047	28896.000000	28895	28896.000000
28895.998047	28896.000000	28895	28896.000000
28895.998047	28896.000000	28895	28896.000000
28895.998047	28896.000000	28895	28896.000000
28895.998047	28896.000000	28895	28896.000000
28895.998047	28896.000000	28895	28896.000000
28895.998047	28896.000000	28895	28896.000000
28895.998047	28896.000000	28895	28896.000000
28895.998047	28896.000000	28895	28896.000000
28895.998047	28896.000000	28895	28896.000000
28895.998047	28896.000000	28895	28896.000000
28895.998047	28896.000000	28895	28896.000000
28895.998047	28896.000000	28895	28896.000000
28895.998047	28896.000000	28895	28896.000000
28895.998047	28896.000000	28895	28896.000000
28895.998047	28896.000000	28895	28896.000000
28895.998047	28896.000000	28895	28896.000000
28895.998047	28896.000000	28895	28896.000000
28895.998047	28896.000000	28895	28896.000000
28895.998047	28896.000000	28895	28896.000000
28895.998047	28896.000000	28895	28896.000000
28895.998047	28896.000000	28895	28896.000000
28895.998047	28896.000000	28895	28896.000000
28895.998047	28896.000000	28895	28896.000000
28895.998047	28896.000000	28895	28896.000000
28895.998047	28896.000000	28895	28896.000000
28895.998047	28896.000000	28895	28896.000000
28895.998047	28896.000000	28895	28896.000000
28895.998047	28896.000000	28895	28896.000000
28895.998047	28896.000000	28895	28896.000000
28895.998047	28896.000000	28895	28896.000000
28895.998047	28896.000000	28895	28896.000000
28895.998047	28896.000000	28895	28896.000000
28895.998047	28896.000000	28895	28896.000000
28895.998047	28896.000000	28895	28896.000000
28895.998047	28896.000000	28895	28896.000000
28895.998047	28896.000000	28895	28896.000000
28895.998047	28896.000000	28895	28896.000000
28895.998047	28896.000000	28895	28896.000000
28895.998047	28896.000000	28895	28896.000000
28895.998047	28896.000000	28895	28896.000000
28895.998047	28896.000000	28895	28896.000000
28895.998047	28896.000000	28895	28896.000000
28895.998047	28896.000000	28895	28896.000000
28895.998047	28896.000000	28895	28896.000000
28895.998047	28896.000000	28895	28896.000000
28895.998047	28896.000000	28895	28896.000000
28895.998047	28896.000000	28895	28896.000000
28895.998047	28896.000000	28895	28896.000000
28895.998047	28896.000000	28895	28896.000000
28895.998047	28896.000000	28895	28896.000000
28895.998047	28896.000000	28895	28896.000000
28895.998047	28896.000000	28895	28896.000000
28895.998047	28896.000000	28895	28896.000000
28895.998047	28896.000000	28895	28896.000000
28895.998047	28896.000000	28895	28896.000000
28895.998047	28896.000000	28895	28896.000000
28895.998047	28896.000000	28895	28896.000000
28895.998047	28896.000000	28895	28896.000000
28895.998047	28896.000000	28895	28896.000000
28895.998047	28896.000000	28895	28896.000000
28895.998047	28896.000000	28895	28896.000000
30415.998047	30416.000000	30415	30416.000000
30415.998047	30416.000000	30415	30416.000000
30415.998047	30416.000000	30415	30416.000000
30415.998047	30416.000000	30415	30416.000000
30415.998047	30416.000000	30415	30416.000000
30415.998047	30416.000000	30415	30416.000000
30415.998047	30416.000000	30415	30416.000000
30415.998047	30416.000000	30415	30416.000000
30415.998047	30416.000000	30415	30416.000000
30415.998047	30416.000000	30415	30416.000000
30415.998047	30416.000000	30415	30416.000000
30415.998047	30416.000000	30415	30416.000000
30415.998047	30416.000000	30415	30416.000000
30415.998047	30416.000000	30415	30416.000000
30415.998047	30416.000000	30415	30416.000000
30415.998047	30416.000000	30415	30416.000000
30415.998047	30416.000000	30415	30416.000000
30415.998047	30416.000000	30415	30416.000000
30415.998047	30416.000000	30415	30416.000000
30415.998047	30416.000000	30415	30416.000000
30415.998047	30416.000000	30415	30416.000000
30415.998047	30416.000000	30415	30416.000000
30415.998047	30416.000000	30415	30416.000000
30415.998047	30416.000000	30415	30416.000000
30415.998047	30416.000000	30415	30416.000000
30415.998047	30416.000000	30415	30416.000000
30415.998047	30416.000000	30415	30416.000000
30415.998047	30416.000000	30415	30416.000000
30415.998047	30416.000000	30415	30416.000000
30415.998047	30416.000000	30415	30416.000000
30415.998047	30416.000000	30415	30416.000000
30415.998047	30416.000000	30415	30416.000000
30415.998047	30416.000000	30415	30416.000000
30415.998047	30416.000000	30415	30416.000000
30415.998047	30416.000000	30415	30416.000000
30415.998047	30416.000000	30415	30416.000000
30415.998047	30416.000000	30415	30416.000000
30415.998047	30416.000000	30415	30416.000000
30415.998047	30416.000000	30415	30416.000000
30415.998047	30416.000000	30415	30416.000000
30415.998047	30416.000000	30415	30416.000000
30415.998047	30416.000000	30415	30416.000000
30415.998047	30416.000000	30415	30416.000000
30415.998047	30416.000000	30415	30416.000000
30415.998047	30416.000000	30415	30416.000000
30415.998047	30416.000000	30415	30416.000000
30415.998047	30416.000000	30415	30416.000000
30415.998047	30416.000000	30415	30416.000000
30415.998047	30416.000000	30415	30416.000000
30415.998047	30416.000000	30415	30416.000000
30415.998047	30416.000000	30415	30416.000000
30415.998047	30416.000000	30415	30416.000000
30415.998047	30416.000000	30415	30416.000000
30415.998047	30416.000000	30415	30416.000000
30415.998047	30416.000000	30415	30416.000000
30415.998047	30416.000000	30415	30416.000000
30415.998047	30416.000000	30415	30416.000000
30415.998047	30416.000000	30415	30416.000000
30415.998047	30416.000000	30415	30416.000000
30415.998047	30416.000000	30415	30416.000000
30415.998047	30416.000000	30415	30416.000000
30415.998047	30416.000000	30415	30416.000000
30415.998047	30416.000000	30415	30416.000000
30415.998047	30416.000000	30415	30416.000000
30415.998047	30416.000000	30415	30416.000000
30415.998047	30416.000000	30415	30416.000000
30415.998047	30416.000000	30415	30416.000000
30415.998047	30416.000000	30415	30416.000000
30415.998047	30416.000000	30415	30416.000000
30415.998047	30416.000000	30415	30416.000000
30415.998047	30416.000000	30415	30416.000000
30415.998047	30416.000000	30415	30416.000000
30415.998047	30416.000000	30415	30416.000000
30415.998047	30416.000000	30415	30416.000000
30415.998047	30416.000000	30415	30416.000000
30415.998047	30416.000000	30415	30416.000000
30415.998047	30416.000000	30415	30416.000000
30415.998047	30416.000000	30415	30416.000000
30415.998047	30416.000000	30415	30416.000000
30415.998047	30416.000000	30415	30416.000000
30415.998047	30416.000000	30415	30416.000000
30415.998047	30416.000000	30415	30416.000000
30415.998047	30416.000000	30415	30416.000000
60831.996094	60832.000000	60831	60832.000000
60831.996094	60832.000000	60831	60832.000000
60831.996094	60832.000000	60831	60832.000000
60831.996094	60832.000000	60831	60832.000000
60831.996094	60832.000000	60831	60832.000000
60831.996094	60832.000000	60831	60832.000000
60831.996094	60832.000000	60831	60832.000000
60831.996094	60832.000000	60831	60832.000000
60831.996094	60832.000000	60831	60832.000000
60831.996094	60832.000000	60831	60832.000000
60831.996094	60832.000000	60831	60832.000000
60831.996094	60832.000000	60831	60832.000000
60831.996094	60832.000000	60831	60832.000000
60831.996094	60832.000000	60831	60832.000000
60831.996094	60832.000000	60831	60832.000000
60831.996094	60832.000000	60831	60832.000000
60831.996094	60832.000000	60831	60832.000000
60831.996094	60832.000000	60831	60832.000000
60831.996094	60832.000000	60831	60832.000000
60831.996094	60832.000000	60831	60832.000000
60831.996094	60832.000000	60831	60832.000000
60831.996094	60832.000000	60831	60832.000000
60831.996094	60832.000000	60831	60832.000000
60831.996094	60832.000000	60831	60832.000000
60831.996094	60832.000000	60831	60832.000000
60831.996094	60832.000000	60831	60832.000000
60831.996094	60832.000000	60831	60832.000000
60831.996094	60832.000000	60831	60832.000000
60831.996094	60832.000000	60831	60832.000000
60831.996094	60832.000000	60831	60832.000000
60831.996094	60832.000000	60831	60832.000000
60831.996094	60832.000000	60831	60832.000000
60831.996094	60832.000000	60831	60832.000000
60831.996094	60832.000000	60831	60832.000000
60831.996094	60832.000000	60831	60832.000000
60831.996094	60832.000000	60831	60832.000000
60831.996094	60832.000000	60831	60832.000000
60831.996094	60832.000000	60831	60832.000000
60831.996094	60832.000000	60831	60832.000000
60831.996094	60832.000000	60831	60832.000000
60831.996094	60832.000000	60831	60832.000000
28895.998047	28896.000000	28895	28896.000000
28895.998047	28896.000000	28895	28896.000000
28895.998047	28896.000000	28895	28896.000000
28895.998047	28896.000000	28895	28896.000000
28895.998047	28896.000000	28895	28896.000000
28895.998047	28896.000000	28895	28896.000000
28895.998047	28896.000000	28895	28896.000000
28895.998047	28896.000000	28895	28896.000000
28895.998047	28896.000000	28895	28896.000000
28895.998047	28896.000000	28895	28896.000000
28895.998047	28896.000000	28895	28896.000000
28895.998047	28896.000000	28895	28896.000000
28895.998047	28896.000000	28895	28896.000000
28895.998047	28896.000000	28895	28896.000000
28895.998047	28896.000000	28895	28896.000000
28895.998047	28896.000000	28895	28896.000000
28895.998047	28896.000000	28895	28896.000000
28895.998047	28896.000000	28895	28896.000000
28895.998047	28896.000000	28895	28896.000000
28895.998047	28896.000000	28895	28896.000000
28895.998047	28896.000000	28895	28896.000000
28895.998047	28896.000000	28895	28896.000000
28895.998047	28896.000000	28895	28896.000000
28895.998047	28896.000000	28895	28896.000000
28895.998047	28896.000000	28895	28896.000000
28895.998047	28896.000000	28895	28896.000000
28895.998047	28896.000000	28895	28896.000000
28895.998047	28896.000000	28895	28896.000000
28895.998047	28896.000000	28895	28896.000000
28895.998047	28896.000000	28895	28896.000000
28895.998047	28896.000000	28895	28896.000000
28895.998047	28896.000000	28895	28896.000000
28895.998047	28896.000000	28895	28896.000000
28895.998047	28896.000000	28895	28896.000000
28895.998047	28896.000000	28895	28896.000000
28895.998047	28896.000000	28895	28896.000000
28895.998047	28896.000000	28895	28896.000000
28895.998047	28896.000000	28895	28896.000000
28895.998047	28896.000000	28895	28896.000000
28895.998047	28896.000000	28895	28896.000000
28895.998047	28896.000000	28895	28896.000000
28895.998047	28896.000000	28895	28896.000000
28895.998047	28896.000000	28895	28896.000000
28895.998047	28896.000000	28895	28896.000000
28895.998047	28896.000000	28895	28896.000000
28895.998047	28896.000000	28895	28896.000000
28895.998047	28896.000000	28895	28896.000000
28895.998047	28896.000000	28895	28896.000000
28895.998047	28896.000000	28895	28896.000000
28895.998047	28896.000000	28895	28896.000000
28895.998047	28896.000000	28895	28896.000000
28895.998047	28896.000000	28895	28896.000000
28895.998047	28896.000000	28895	28896.000000
28895.998047	28896.000000	28895	28896.000000
28895.998047	28896.000000	28895	28896.000000
28895.998047	28896.000000	28895	28896.000000
28895.998047	28896.000000	28895	28896.000000
30415.998047	30416.000000	30415	30416.000000
30415.998047	30416.000000	30415	30416.000000
30415.998047	30416.000000	30415	30416.000000
30415.998047	30416.000000	30415	30416.000000
30415.998047	30416.000000	30415	30416.000000
30415.998047	30416.000000	30415	30416.000000
30415.998047	30416.000000	30415	30416.000000
30415.998047	30416.000000	30415	30416.000000
30415.998047	30416.000000	30415	30416.000000
30415.998047	30416.000000	30415	30416.000000
30415.998047	30416.000000	30415	30416.000000
30415.998047	30416.000000	30415	30416.000000
30415.998047	30416.000000	30415	30416.000000
30415.998047	30416.000000	30415	30416.000000
30415.998047	30416.000000	30415	30416.000000
30415.998047	30416.000000	30415	30416.000000
30415.998047	30416.000000	30415	30416.000000
30415.998047	30416.000000	30415	30416.000000
30415.998047	30416.000000	30415	30416.000000
30415.998047	30416.000000	30415	30416.000000
30415.998047	30416.000000	30415	30416.000000
30415.998047	30416.000000	30415	30416.000000
30415.998047	30416.000000	30415	30416.000000
30415.998047	30416.000000	30415	30416.000000
30415.998047	30416.000000	30415	30416.000000
30415.998047	30416.000000	30415	30416.000000
30415.998047	30416.000000	30415	30416.000000
30415.998047	30416.000000	30415	30416.000000
30415.998047	30416.000000	30415	30416.000000
30415.998047	30416.000000	30415	30416.000000
30415.998047	30416.000000	30415	30416.000000
30415.998047	30416.000000	30415	30416.000000
30415.998047	30416.000000	30415	30416.000000
30415.998047	30416.000000	30415	30416.000000
30415.998047	30416.000000	30415	30416.000000
30415.998047	30416.000000	30415	30416.000000
30415.998047	30416.000000	30415	30416.000000
30415.998047	30416.000000	30415	30416.000000
30415.998047	30416.000000	30415	30416.000000
30415.998047	30416.000000	30415	30416.000000
30415.998047	30416.000000	30415	30416.000000
30415.998047	30416.000000	30415	30416.000000
30415.998047	30416.000000	30415	30416.000000
30415.998047	30416.000000	30415	30416.000000
30415.998047	30416.000000	30415	30416.000000
30415.998047	30416.000000	30415	30416.000000
30415.998047	30416.000000	30415	30416.000000
30415.998047	30416.000000	30415	30416.000000
30415.998047	30416.000000	30415	30416.000000
30415.998047	30416.000000	30415	30416.000000
30415.998047	30416.000000	30415	30416.000000
30415.998047	30416.000000	30415	30416.000000
30415.998047	30416.000000	30415	30416.000000
30415.998047	30416.000000	30415	30416.000000
30415.998047	30416.000000	30415	30416.000000
30415.998047	30416.000000	30415	30416.000000
30415.998047	30416.000000	30415	30416.000000
30415.998047	30416.000000	30415	30416.000000
30415.998047	30416.000000	30415	30416.000000
30415.998047	30416.000000	30415	30416.000000
30415.998047	30416.000000	30415	30416.000000
30415.998047	30416.000000	30415	30416.000000
60831.996094	60832.000000	60831	60832.000000
60831.996094	60832.000000	60831	60832.000000
60831.996094	60832.000000	60831	60832.000000
60831.996094	60832.000000	60831	60832.000000
60831.996094	60832.000000	60831	60832.000000
60831.996094	60832.000000	60831	60832.000000
60831.996094	60832.000000	60831	60832.000000
60831.996094	60832.000000	60831	60832.000000
60831.996094	60832.000000	60831	60832.000000
60831.996094	60832.000000	60831	60832.000000
60831.996094	60832.000000	60831	60832.000000
60831.996094	60832.000000	60831	60832.000000
60831.996094	60832.000000	60831	60832.000000
60831.996094	60832.000000	60831	60832.000000
60831.996094	60832.000000	60831	60832.000000
60831.996094	60832.000000	60831	60832.000000
60831.996094	60832.000000	60831	60832.000000
60831.996094	60832.000000	60831	60832.000000
60831.996094	60832.000000	60831	60832.000000
60831.996094	60832.000000	60831	60832.000000
60831.996094	60832.000000	60831	60832.000000
60831.996094	60832.000000	60831	60832.000000
60831.996094	60832.000000	60831	60832.000000
60831.996094	60832.000000	60831	60832.000000
60831.996094	60832.000000	60831	60832.000000
60831.996094	60832.000000	60831	60832.000000
60831.996094	60832.000000	60831	60832.000000
60831.996094	60832.000000	60831	60832.000000
60831.996094	60832.000000	60831	60832.000000
60831.996094	60832.000000	60831	60832.000000
60831.996094	60832.000000	60831	60832.000000
60831.996094	60832.000000	60831	60832.000000
60831.996094	60832.000000	60831	60832.000000
60831.996094	60832.000000	60831	60832.000000
60831.996094	60832.000000	60831	60832.000000
60831.996094	60832.000000	60831	60832.000000
60831.996094	60832.000000	60831	60832.000000
60831.996094	60832.000000	60831	60832.000000
60831.996094	60832.000000	60831	60832.000000
60831.996094	60832.000000	60831	60832.000000
60831.996094	60832.000000	60831	60832.000000
60831.996094	60832.000000	60831	60832.000000
Finished all iterations of simulation

number of mutations in simulation: 89263150
number of mutations in SFS: 5.04595e+07
time elapsed (ms): 509408

 Saving SFS to: sfs_out_selection_{1.103679e-05}.txt
Finished
Currently we are using the genome wide mutation 1.5e-8: 
Unscaled Point Selection: 1.13712e-05
Number of samples to generate SFS: 720776
Running simulations
Starting iteration 0 of simulation
28927.998047	28928.000000	28927	28928.000000
28927.998047	28928.000000	28927	28928.000000
28927.998047	28928.000000	28927	28928.000000
28927.998047	28928.000000	28927	28928.000000
28927.998047	28928.000000	28927	28928.000000
28927.998047	28928.000000	28927	28928.000000
28927.998047	28928.000000	28927	28928.000000
28927.998047	28928.000000	28927	28928.000000
28927.998047	28928.000000	28927	28928.000000
28927.998047	28928.000000	28927	28928.000000
28927.998047	28928.000000	28927	28928.000000
28927.998047	28928.000000	28927	28928.000000
28927.998047	28928.000000	28927	28928.000000
28927.998047	28928.000000	28927	28928.000000
28927.998047	28928.000000	28927	28928.000000
28927.998047	28928.000000	28927	28928.000000
28927.998047	28928.000000	28927	28928.000000
28927.998047	28928.000000	28927	28928.000000
28927.998047	28928.000000	28927	28928.000000
28927.998047	28928.000000	28927	28928.000000
28927.998047	28928.000000	28927	28928.000000
28927.998047	28928.000000	28927	28928.000000
28927.998047	28928.000000	28927	28928.000000
28927.998047	28928.000000	28927	28928.000000
28927.998047	28928.000000	28927	28928.000000
28927.998047	28928.000000	28927	28928.000000
28927.998047	28928.000000	28927	28928.000000
28927.998047	28928.000000	28927	28928.000000
28927.998047	28928.000000	28927	28928.000000
28927.998047	28928.000000	28927	28928.000000
28927.998047	28928.000000	28927	28928.000000
28927.998047	28928.000000	28927	28928.000000
28927.998047	28928.000000	28927	28928.000000
28927.998047	28928.000000	28927	28928.000000
28927.998047	28928.000000	28927	28928.000000
28927.998047	28928.000000	28927	28928.000000
28927.998047	28928.000000	28927	28928.000000
28927.998047	28928.000000	28927	28928.000000
28927.998047	28928.000000	28927	28928.000000
28927.998047	28928.000000	28927	28928.000000
28927.998047	28928.000000	28927	28928.000000
28927.998047	28928.000000	28927	28928.000000
28927.998047	28928.000000	28927	28928.000000
28927.998047	28928.000000	28927	28928.000000
28927.998047	28928.000000	28927	28928.000000
28927.998047	28928.000000	28927	28928.000000
28927.998047	28928.000000	28927	28928.000000
28927.998047	28928.000000	28927	28928.000000
28927.998047	28928.000000	28927	28928.000000
28927.998047	28928.000000	28927	28928.000000
28927.998047	28928.000000	28927	28928.000000
28927.998047	28928.000000	28927	28928.000000
28927.998047	28928.000000	28927	28928.000000
28927.998047	28928.000000	28927	28928.000000
28927.998047	28928.000000	28927	28928.000000
28927.998047	28928.000000	28927	28928.000000
28927.998047	28928.000000	28927	28928.000000
28927.998047	28928.000000	28927	28928.000000
28927.998047	28928.000000	28927	28928.000000
28927.998047	28928.000000	28927	28928.000000
28927.998047	28928.000000	28927	28928.000000
28927.998047	28928.000000	28927	28928.000000
28927.998047	28928.000000	28927	28928.000000
28927.998047	28928.000000	28927	28928.000000
28927.998047	28928.000000	28927	28928.000000
28927.998047	28928.000000	28927	28928.000000
28927.998047	28928.000000	28927	28928.000000
28927.998047	28928.000000	28927	28928.000000
28927.998047	28928.000000	28927	28928.000000
28927.998047	28928.000000	28927	28928.000000
28927.998047	28928.000000	28927	28928.000000
28927.998047	28928.000000	28927	28928.000000
Finished all iterations of simulation

number of mutations in simulation: 89262734
number of mutations in SFS: 5.0459e+07
time elapsed (ms): 509408

 Saving SFS to: sfs_out_selection_{1.137124e-05}.txt
Finished
Currently we are using the genome wide mutation 1.5e-8: 
Unscaled Point Selection: 1.17057e-05
Number of samples to generate SFS: 720776
Running simulations
Starting iteration 0 of simulation
28895.998047	28896.000000	28895	28896.000000
28895.998047	28896.000000	28895	28896.000000
28895.998047	28896.000000	28895	28896.000000
28895.998047	28896.000000	28895	28896.000000
28895.998047	28896.000000	28895	28896.000000
28895.998047	28896.000000	28895	28896.000000
28895.998047	28896.000000	28895	28896.000000
28895.998047	28896.000000	28895	28896.000000
28895.998047	28896.000000	28895	28896.000000
28895.998047	28896.000000	28895	28896.000000
28895.998047	28896.000000	28895	28896.000000
28895.998047	28896.000000	28895	28896.000000
28895.998047	28896.000000	28894	28896.000000
28895.998047	28896.000000	28895	28896.000000
28895.998047	28896.000000	28895	28896.000000
28895.998047	28896.000000	28895	28896.000000
28895.998047	28896.000000	28895	28896.000000
28895.998047	28896.000000	28895	28896.000000
28895.998047	28896.000000	28895	28896.000000
28895.998047	28896.000000	28895	28896.000000
28895.998047	28896.000000	28895	28896.000000
28895.998047	28896.000000	28895	28896.000000
28895.998047	28896.000000	28895	28896.000000
28895.998047	28896.000000	28895	28896.000000
28895.998047	28896.000000	28895	28896.000000
28895.998047	28896.000000	28895	28896.000000
28895.998047	28896.000000	28895	28896.000000
28895.998047	28896.000000	28895	28896.000000
28895.998047	28896.000000	28895	28896.000000
28895.998047	28896.000000	28895	28896.000000
28895.998047	28896.000000	28895	28896.000000
28895.998047	28896.000000	28895	28896.000000
28895.998047	28896.000000	28895	28896.000000
28895.998047	28896.000000	28895	28896.000000
28895.998047	28896.000000	28895	28896.000000
28895.998047	28896.000000	28895	28896.000000
28895.998047	28896.000000	28895	28896.000000
28895.998047	28896.000000	28895	28896.000000
28895.998047	28896.000000	28895	28896.000000
28895.998047	28896.000000	28895	28896.000000
28895.998047	28896.000000	28895	28896.000000
28895.998047	28896.000000	28895	28896.000000
28895.998047	28896.000000	28895	28896.000000
28895.998047	28896.000000	28895	28896.000000
28895.998047	28896.000000	28895	28896.000000
28895.998047	28896.000000	28895	28896.000000
28895.998047	28896.000000	28895	28896.000000
28895.998047	28896.000000	28895	28896.000000
28895.998047	28896.000000	28895	28896.000000
28895.998047	28896.000000	28895	28896.000000
28895.998047	28896.000000	28895	28896.000000
28895.998047	28896.000000	28895	28896.000000
28895.998047	28896.000000	28895	28896.000000
28895.998047	28896.000000	28895	28896.000000
28895.998047	28896.000000	28895	28896.000000
28895.998047	28896.000000	28895	28896.000000
28895.998047	28896.000000	28895	28896.000000
28895.998047	28896.000000	28895	28896.000000
28895.998047	28896.000000	28895	28896.000000
28895.998047	28896.000000	28895	28896.000000
28895.998047	28896.000000	28895	28896.000000
28895.998047	28896.000000	28895	28896.000000
28895.998047	28896.000000	28895	28896.000000
28895.998047	28896.000000	28895	28896.000000
28895.998047	28896.000000	28895	28896.000000
28895.998047	28896.000000	28895	28896.000000
28895.998047	28896.000000	28895	28896.000000
28895.998047	28896.000000	28895	28896.000000
53371.996094	53372.000000	53371	53372.000000
53371.996094	53372.000000	53371	53372.000000
53371.996094	53372.000000	53371	53372.000000
53371.996094	53372.000000	53371	53372.000000
53371.996094	53372.000000	53371	53372.000000
53371.996094	53372.000000	53371	53372.000000
53371.996094	53372.000000	53371	53372.000000
53371.996094	53372.000000	53371	53372.000000
53371.996094	53372.000000	53371	53372.000000
53371.996094	53372.000000	53371	53372.000000
53371.996094	53372.000000	53371	53372.000000
53371.996094	53372.000000	53371	53372.000000
28895.998047	28896.000000	28895	28896.000000
28895.998047	28896.000000	28895	28896.000000
28895.998047	28896.000000	28895	28896.000000
28895.998047	28896.000000	28895	28896.000000
28895.998047	28896.000000	28895	28896.000000
28895.998047	28896.000000	28895	28896.000000
28895.998047	28896.000000	28895	28896.000000
28895.998047	28896.000000	28895	28896.000000
28895.998047	28896.000000	28895	28896.000000
28895.998047	28896.000000	28895	28896.000000
28895.998047	28896.000000	28895	28896.000000
28895.998047	28896.000000	28895	28896.000000
28895.998047	28896.000000	28895	28896.000000
28895.998047	28896.000000	28895	28896.000000
28895.998047	28896.000000	28895	28896.000000
28895.998047	28896.000000	28895	28896.000000
28895.998047	28896.000000	28895	28896.000000
28895.998047	28896.000000	28895	28896.000000
28895.998047	28896.000000	28895	28896.000000
28895.998047	28896.000000	28895	28896.000000
28895.998047	28896.000000	28895	28896.000000
28895.998047	28896.000000	28895	28896.000000
28895.998047	28896.000000	28895	28896.000000
28895.998047	28896.000000	28895	28896.000000
28895.998047	28896.000000	28895	28896.000000
28895.998047	28896.000000	28895	28896.000000
28895.998047	28896.000000	28895	28896.000000
28895.998047	28896.000000	28895	28896.000000
28895.998047	28896.000000	28895	28896.000000
28895.998047	28896.000000	28895	28896.000000
28895.998047	28896.000000	28895	28896.000000
28895.998047	28896.000000	28895	28896.000000
28895.998047	28896.000000	28895	28896.000000
28895.998047	28896.000000	28895	28896.000000
28895.998047	28896.000000	28895	28896.000000
28895.998047	28896.000000	28895	28896.000000
28895.998047	28896.000000	28895	28896.000000
28895.998047	28896.000000	28895	28896.000000
28895.998047	28896.000000	28895	28896.000000
28895.998047	28896.000000	28895	28896.000000
28895.998047	28896.000000	28895	28896.000000
28895.998047	28896.000000	28895	28896.000000
28895.998047	28896.000000	28895	28896.000000
28895.998047	28896.000000	28895	28896.000000
28895.998047	28896.000000	28895	28896.000000
28895.998047	28896.000000	28895	28896.000000
28895.998047	28896.000000	28895	28896.000000
28895.998047	28896.000000	28895	28896.000000
28895.998047	28896.000000	28895	28896.000000
28895.998047	28896.000000	28895	28896.000000
28895.998047	28896.000000	28895	28896.000000
28895.998047	28896.000000	28895	28896.000000
28895.998047	28896.000000	28895	28896.000000
28895.998047	28896.000000	28895	28896.000000
28895.998047	28896.000000	28895	28896.000000
28895.998047	28896.000000	28895	28896.000000
28895.998047	28896.000000	28895	28896.000000
28895.998047	28896.000000	28895	28896.000000
28895.998047	28896.000000	28895	28896.000000
28895.998047	28896.000000	28895	28896.000000
28895.998047	28896.000000	28895	28896.000000
28895.998047	28896.000000	28895	28896.000000
28895.998047	28896.000000	28895	28896.000000
53371.996094	53372.000000	53371	53372.000000
53371.996094	53372.000000	53371	53372.000000
53371.996094	53372.000000	53371	53372.000000
53371.996094	53372.000000	53371	53372.000000
53371.996094	53372.000000	53371	53372.000000
53371.996094	53372.000000	53371	53372.000000
53371.996094	53372.000000	53371	53372.000000
53371.996094	53372.000000	53371	53372.000000
53371.996094	53372.000000	53371	53372.000000
53371.996094	53372.000000	53371	53372.000000
53371.996094	53372.000000	53371	53372.000000
53371.996094	53372.000000	53371	53372.000000
53371.996094	53372.000000	53371	53372.000000
53371.996094	53372.000000	53371	53372.000000
53371.996094	53372.000000	53371	53372.000000
53371.996094	53372.000000	53371	53372.000000
53371.996094	53372.000000	53371	53372.000000
53371.996094	53372.000000	53371	53372.000000
53371.996094	53372.000000	53371	53372.000000
53371.996094	53372.000000	53371	53372.000000
53371.996094	53372.000000	53371	53372.000000
53371.996094	53372.000000	53371	53372.000000
53371.996094	53372.000000	53371	53372.000000
Finished all iterations of simulation

number of mutations in simulation: 89262256
number of mutations in SFS: 5.04585e+07
time elapsed (ms): 509504

 Saving SFS to: sfs_out_selection_{1.170569e-05}.txt
Finished
Currently we are using the genome wide mutation 1.5e-8: 
Unscaled Point Selection: 1.20401e-05
Number of samples to generate SFS: 720776
Running simulations
Starting iteration 0 of simulation
28135.998047	28136.000000	28135	28136.000000
28135.998047	28136.000000	28135	28136.000000
28135.998047	28136.000000	28135	28136.000000
28135.998047	28136.000000	28135	28136.000000
28135.998047	28136.000000	28135	28136.000000
28135.998047	28136.000000	28135	28136.000000
28135.998047	28136.000000	28135	28136.000000
28135.998047	28136.000000	28135	28136.000000
28135.998047	28136.000000	28135	28136.000000
28135.998047	28136.000000	28135	28136.000000
28135.998047	28136.000000	28135	28136.000000
28135.998047	28136.000000	28135	28136.000000
28135.998047	28136.000000	28135	28136.000000
28135.998047	28136.000000	28135	28136.000000
28135.998047	28136.000000	28135	28136.000000
28135.998047	28136.000000	28135	28136.000000
28135.998047	28136.000000	28135	28136.000000
28135.998047	28136.000000	28135	28136.000000
28135.998047	28136.000000	28135	28136.000000
28135.998047	28136.000000	28135	28136.000000
28135.998047	28136.000000	28135	28136.000000
28135.998047	28136.000000	28135	28136.000000
28135.998047	28136.000000	28135	28136.000000
28135.998047	28136.000000	28135	28136.000000
28135.998047	28136.000000	28135	28136.000000
28135.998047	28136.000000	28135	28136.000000
28135.998047	28136.000000	28135	28136.000000
28135.998047	28136.000000	28135	28136.000000
28135.998047	28136.000000	28135	28136.000000
28135.998047	28136.000000	28135	28136.000000
28135.998047	28136.000000	28135	28136.000000
28135.998047	28136.000000	28135	28136.000000
28135.998047	28136.000000	28135	28136.000000
28135.998047	28136.000000	28135	28136.000000
28135.998047	28136.000000	28135	28136.000000
28135.998047	28136.000000	28135	28136.000000
28135.998047	28136.000000	28135	28136.000000
28135.998047	28136.000000	28135	28136.000000
28135.998047	28136.000000	28135	28136.000000
28135.998047	28136.000000	28135	28136.000000
28135.998047	28136.000000	28135	28136.000000
28135.998047	28136.000000	28135	28136.000000
28135.998047	28136.000000	28135	28136.000000
28135.998047	28136.000000	28135	28136.000000
28135.998047	28136.000000	28135	28136.000000
28135.998047	28136.000000	28135	28136.000000
28135.998047	28136.000000	28135	28136.000000
28135.998047	28136.000000	28135	28136.000000
28135.998047	28136.000000	28135	28136.000000
28135.998047	28136.000000	28135	28136.000000
28135.998047	28136.000000	28135	28136.000000
28135.998047	28136.000000	28135	28136.000000
28135.998047	28136.000000	28135	28136.000000
28135.998047	28136.000000	28135	28136.000000
28135.998047	28136.000000	28135	28136.000000
28135.998047	28136.000000	28135	28136.000000
28135.998047	28136.000000	28135	28136.000000
28135.998047	28136.000000	28135	28136.000000
28135.998047	28136.000000	28135	28136.000000
28135.998047	28136.000000	28135	28136.000000
28135.998047	28136.000000	28135	28136.000000
28135.998047	28136.000000	28135	28136.000000
28135.998047	28136.000000	28135	28136.000000
28135.998047	28136.000000	28135	28136.000000
28135.998047	28136.000000	28135	28136.000000
28135.998047	28136.000000	28135	28136.000000
28135.998047	28136.000000	28135	28136.000000
28135.998047	28136.000000	28135	28136.000000
28135.998047	28136.000000	28135	28136.000000
28135.998047	28136.000000	28135	28136.000000
28135.998047	28136.000000	28135	28136.000000
28135.998047	28136.000000	28135	28136.000000
28135.998047	28136.000000	28135	28136.000000
28135.998047	28136.000000	28135	28136.000000
28135.998047	28136.000000	28135	28136.000000
28135.998047	28136.000000	28135	28136.000000
28135.998047	28136.000000	28135	28136.000000
28135.998047	28136.000000	28135	28136.000000
28135.998047	28136.000000	28135	28136.000000
28135.998047	28136.000000	28135	28136.000000
28135.998047	28136.000000	28135	28136.000000
28135.998047	28136.000000	28135	28136.000000
28135.998047	28136.000000	28135	28136.000000
28135.998047	28136.000000	28135	28136.000000
28135.998047	28136.000000	28135	28136.000000
28135.998047	28136.000000	28135	28136.000000
28135.998047	28136.000000	28135	28136.000000
28135.998047	28136.000000	28135	28136.000000
28135.998047	28136.000000	28135	28136.000000
28135.998047	28136.000000	28135	28136.000000
28135.998047	28136.000000	28135	28136.000000
28135.998047	28136.000000	28135	28136.000000
28135.998047	28136.000000	28135	28136.000000
28135.998047	28136.000000	28135	28136.000000
28135.998047	28136.000000	28135	28136.000000
28135.998047	28136.000000	28135	28136.000000
28135.998047	28136.000000	28135	28136.000000
28135.998047	28136.000000	28135	28136.000000
28135.998047	28136.000000	28135	28136.000000
28135.998047	28136.000000	28135	28136.000000
28135.998047	28136.000000	28135	28136.000000
28135.998047	28136.000000	28135	28136.000000
28135.998047	28136.000000	28135	28136.000000
28135.998047	28136.000000	28135	28136.000000
28135.998047	28136.000000	28135	28136.000000
28135.998047	28136.000000	28135	28136.000000
28135.998047	28136.000000	28135	28136.000000
28135.998047	28136.000000	28135	28136.000000
28135.998047	28136.000000	28135	28136.000000
28135.998047	28136.000000	28135	28136.000000
28135.998047	28136.000000	28135	28136.000000
28135.998047	28136.000000	28135	28136.000000
28135.998047	28136.000000	28135	28136.000000
28135.998047	28136.000000	28135	28136.000000
28135.998047	28136.000000	28135	28136.000000
28135.998047	28136.000000	28135	28136.000000
58807.996094	58808.000000	58807	58808.000000
58807.996094	58808.000000	58807	58808.000000
58807.996094	58808.000000	58807	58808.000000
58807.996094	58808.000000	58807	58808.000000
58807.996094	58808.000000	58807	58808.000000
58807.996094	58808.000000	58807	58808.000000
58807.996094	58808.000000	58807	58808.000000
58807.996094	58808.000000	58807	58808.000000
58807.996094	58808.000000	58807	58808.000000
58807.996094	58808.000000	58807	58808.000000
28135.998047	28136.000000	28135	28136.000000
28135.998047	28136.000000	28135	28136.000000
28135.998047	28136.000000	28135	28136.000000
28135.998047	28136.000000	28135	28136.000000
28135.998047	28136.000000	28135	28136.000000
28135.998047	28136.000000	28135	28136.000000
28135.998047	28136.000000	28135	28136.000000
28135.998047	28136.000000	28135	28136.000000
28135.998047	28136.000000	28135	28136.000000
28135.998047	28136.000000	28135	28136.000000
28135.998047	28136.000000	28135	28136.000000
28135.998047	28136.000000	28135	28136.000000
28135.998047	28136.000000	28135	28136.000000
28135.998047	28136.000000	28135	28136.000000
28135.998047	28136.000000	28135	28136.000000
28135.998047	28136.000000	28135	28136.000000
28135.998047	28136.000000	28135	28136.000000
28135.998047	28136.000000	28135	28136.000000
28135.998047	28136.000000	28135	28136.000000
28135.998047	28136.000000	28135	28136.000000
28135.998047	28136.000000	28135	28136.000000
28135.998047	28136.000000	28135	28136.000000
28135.998047	28136.000000	28135	28136.000000
28135.998047	28136.000000	28135	28136.000000
28135.998047	28136.000000	28135	28136.000000
28135.998047	28136.000000	28135	28136.000000
28135.998047	28136.000000	28135	28136.000000
28135.998047	28136.000000	28135	28136.000000
28135.998047	28136.000000	28135	28136.000000
28135.998047	28136.000000	28135	28136.000000
28135.998047	28136.000000	28135	28136.000000
28135.998047	28136.000000	28135	28136.000000
28135.998047	28136.000000	28135	28136.000000
28135.998047	28136.000000	28135	28136.000000
28135.998047	28136.000000	28135	28136.000000
28135.998047	28136.000000	28135	28136.000000
28135.998047	28136.000000	28135	28136.000000
28135.998047	28136.000000	28135	28136.000000
28135.998047	28136.000000	28135	28136.000000
28135.998047	28136.000000	28135	28136.000000
28135.998047	28136.000000	28135	28136.000000
28135.998047	28136.000000	28135	28136.000000
28135.998047	28136.000000	28135	28136.000000
28135.998047	28136.000000	28135	28136.000000
28135.998047	28136.000000	28135	28136.000000
28135.998047	28136.000000	28135	28136.000000
28135.998047	28136.000000	28135	28136.000000
28135.998047	28136.000000	28135	28136.000000
28135.998047	28136.000000	28135	28136.000000
28135.998047	28136.000000	28135	28136.000000
28135.998047	28136.000000	28135	28136.000000
28135.998047	28136.000000	28135	28136.000000
28135.998047	28136.000000	28135	28136.000000
28135.998047	28136.000000	28135	28136.000000
28135.998047	28136.000000	28135	28136.000000
28135.998047	28136.000000	28135	28136.000000
28135.998047	28136.000000	28135	28136.000000
28135.998047	28136.000000	28135	28136.000000
28135.998047	28136.000000	28135	28136.000000
28135.998047	28136.000000	28135	28136.000000
28135.998047	28136.000000	28135	28136.000000
28135.998047	28136.000000	28135	28136.000000
28135.998047	28136.000000	28135	28136.000000
28135.998047	28136.000000	28135	28136.000000
28135.998047	28136.000000	28135	28136.000000
28135.998047	28136.000000	28135	28136.000000
28135.998047	28136.000000	28135	28136.000000
28135.998047	28136.000000	28135	28136.000000
28135.998047	28136.000000	28135	28136.000000
28135.998047	28136.000000	28135	28136.000000
28135.998047	28136.000000	28135	28136.000000
28135.998047	28136.000000	28135	28136.000000
28135.998047	28136.000000	28135	28136.000000
28135.998047	28136.000000	28135	28136.000000
28135.998047	28136.000000	28135	28136.000000
28135.998047	28136.000000	28135	28136.000000
28135.998047	28136.000000	28135	28136.000000
28135.998047	28136.000000	28135	28136.000000
28135.998047	28136.000000	28135	28136.000000
28135.998047	28136.000000	28135	28136.000000
28135.998047	28136.000000	28135	28136.000000
28135.998047	28136.000000	28135	28136.000000
28135.998047	28136.000000	28135	28136.000000
28135.998047	28136.000000	28135	28136.000000
28135.998047	28136.000000	28135	28136.000000
28135.998047	28136.000000	28135	28136.000000
28135.998047	28136.000000	28135	28136.000000
28135.998047	28136.000000	28135	28136.000000
28135.998047	28136.000000	28135	28136.000000
28135.998047	28136.000000	28135	28136.000000
28135.998047	28136.000000	28135	28136.000000
28135.998047	28136.000000	28135	28136.000000
28135.998047	28136.000000	28135	28136.000000
28135.998047	28136.000000	28135	28136.000000
28135.998047	28136.000000	28135	28136.000000
28135.998047	28136.000000	28135	28136.000000
28135.998047	28136.000000	28135	28136.000000
28135.998047	28136.000000	28135	28136.000000
28135.998047	28136.000000	28135	28136.000000
28135.998047	28136.000000	28135	28136.000000
28135.998047	28136.000000	28135	28136.000000
28135.998047	28136.000000	28135	28136.000000
28135.998047	28136.000000	28135	28136.000000
28135.998047	28136.000000	28135	28136.000000
28135.998047	28136.000000	28135	28136.000000
28135.998047	28136.000000	28135	28136.000000
28135.998047	28136.000000	28135	28136.000000
28135.998047	28136.000000	28135	28136.000000
28135.998047	28136.000000	28135	28136.000000
28135.998047	28136.000000	28135	28136.000000
28135.998047	28136.000000	28135	28136.000000
28135.998047	28136.000000	28135	28136.000000
28135.998047	28136.000000	28135	28136.000000
28135.998047	28136.000000	28135	28136.000000
28135.998047	28136.000000	28135	28136.000000
28135.998047	28136.000000	28135	28136.000000
28135.998047	28136.000000	28135	28136.000000
28135.998047	28136.000000	28135	28136.000000
58807.996094	58808.000000	58807	58808.000000
58807.996094	58808.000000	58807	58808.000000
58807.996094	58808.000000	58807	58808.000000
58807.996094	58808.000000	58807	58808.000000
58807.996094	58808.000000	58807	58808.000000
58807.996094	58808.000000	58807	58808.000000
58807.996094	58808.000000	58807	58808.000000
58807.996094	58808.000000	58807	58808.000000
58807.996094	58808.000000	58807	58808.000000
58807.996094	58808.000000	58807	58808.000000
58807.996094	58808.000000	58807	58808.000000
58807.996094	58808.000000	58807	58808.000000
58807.996094	58808.000000	58807	58808.000000
58807.996094	58808.000000	58807	58808.000000
58807.996094	58808.000000	58807	58808.000000
Finished all iterations of simulation

number of mutations in simulation: 89261197
number of mutations in SFS: 5.04576e+07
time elapsed (ms): 509547

 Saving SFS to: sfs_out_selection_{1.204013e-05}.txt
Finished
Currently we are using the genome wide mutation 1.5e-8: 
Unscaled Point Selection: 1.23746e-05
Number of samples to generate SFS: 720776
Running simulations
Starting iteration 0 of simulation
Finished all iterations of simulation

number of mutations in simulation: 89260937
number of mutations in SFS: 5.04573e+07
time elapsed (ms): 509522

 Saving SFS to: sfs_out_selection_{1.237458e-05}.txt
Finished
