run_sims_part7.sh: line 8: nameofhost: command not found
run_sims_part7.sh: line 9: [[: command not found
on midway3 cluster
/software/cuda-11.7-el8-x86_64/bin:/home/mehta5/.local/bin:/home/mehta5/bin:/software/bin:/software/slurm-current-el8-x86_64/bin:/software/modules/bin:/usr/local/bin:/usr/bin:/usr/local/sbin:/usr/sbin:/opt/thinlinc/bin:/project/jjberg/mehta5/ParallelPopGen/examples/example_robertson/GOFISH_uk_robertson
reading file robertson_samples/sample_70.txt
Currently we are using the genome wide mutation 1.5e-8: 
Unscaled Point Selection: 0.00475377
Number of samples to generate SFS: 720776
Running simulations
Starting iteration 0 of simulation
Finished all iterations of simulation

number of mutations in simulation: 85101717
number of mutations in SFS: 4.63627e+07
time elapsed (ms): 9.6423e+06

 Saving SFS to: sfs_out_selection_{4.753769e-03}.txt
Finished
Currently we are using the genome wide mutation 1.5e-8: 
Unscaled Point Selection: 0.00479899
Number of samples to generate SFS: 720776
Running simulations
Starting iteration 0 of simulation
28895.998047	28896.000000	28895	28896.000000
28895.998047	28896.000000	28895	28896.000000
28895.998047	28896.000000	28895	28896.000000
28895.998047	28896.000000	28895	28896.000000
28895.998047	28896.000000	28895	28896.000000
28895.998047	28896.000000	28895	28896.000000
28895.998047	28896.000000	28895	28896.000000
Finished all iterations of simulation

number of mutations in simulation: 85069625
number of mutations in SFS: 4.63313e+07
time elapsed (ms): 9.63839e+06

 Saving SFS to: sfs_out_selection_{4.798995e-03}.txt
Finished
Currently we are using the genome wide mutation 1.5e-8: 
Unscaled Point Selection: 0.00484422
Number of samples to generate SFS: 720776
Running simulations
Starting iteration 0 of simulation
28135.998047	28136.000000	28135	28136.000000
28135.998047	28136.000000	28135	28136.000000
28135.998047	28136.000000	28135	28136.000000
28135.998047	28136.000000	28135	28136.000000
28135.998047	28136.000000	28135	28136.000000
28135.998047	28136.000000	28135	28136.000000
28135.998047	28136.000000	28135	28136.000000
Finished all iterations of simulation

number of mutations in simulation: 85038174
number of mutations in SFS: 4.63005e+07
time elapsed (ms): 9.63443e+06

 Saving SFS to: sfs_out_selection_{4.844221e-03}.txt
Finished
Currently we are using the genome wide mutation 1.5e-8: 
Unscaled Point Selection: 0.00488945
Number of samples to generate SFS: 720776
Running simulations
Starting iteration 0 of simulation
Finished all iterations of simulation

number of mutations in simulation: 85006676
number of mutations in SFS: 4.62698e+07
time elapsed (ms): 9.63217e+06

 Saving SFS to: sfs_out_selection_{4.889447e-03}.txt
Finished
Currently we are using the genome wide mutation 1.5e-8: 
Unscaled Point Selection: 0.00493467
Number of samples to generate SFS: 720776
Running simulations
Starting iteration 0 of simulation
Finished all iterations of simulation

number of mutations in simulation: 84975701
number of mutations in SFS: 4.62393e+07
time elapsed (ms): 9.62257e+06

 Saving SFS to: sfs_out_selection_{4.934673e-03}.txt
Finished
Currently we are using the genome wide mutation 1.5e-8: 
Unscaled Point Selection: 0.0049799
Number of samples to generate SFS: 720776
Running simulations
Starting iteration 0 of simulation
slurmstepd: error: *** JOB 4483887 ON midway3-0286 CANCELLED AT 2023-05-19T14:45:40 DUE TO TIME LIMIT ***
