run_sims_part4.sh: line 8: nameofhost: command not found
run_sims_part4.sh: line 9: [[: command not found
on midway3 cluster
/software/cuda-11.7-el8-x86_64/bin:/software/tmux-3.2a-el8-x86_64/bin:/software/libevent-2.1.12-el8-x86_64/bin:/software/python-anaconda-2020.11-el8-x86_64/condabin:/software/python-anaconda-2020.11-el8-x86_64/bin:/software/emacs-27.2-el8-x86_64/bin:/home/mehta5/.local/bin:/home/mehta5/bin:/software/bin:/software/slurm-current-el8-x86_64/bin:/software/modules/bin:/usr/local/bin:/usr/bin:/usr/local/sbin:/usr/sbin:/opt/thinlinc/bin:/project/jjberg/mehta5/ParallelPopGen/examples/example_robertson/GOFISH_uk_robertson
reading file robertson_samples/sample_40.txt
Currently we are using the genome wide mutation 1.5e-8: 
Unscaled Point Selection: 0.00656281
Number of samples to generate SFS: 720776
Running simulations
Starting iteration 0 of simulation
Finished all iterations of simulation

number of mutations in simulation: 83901306
number of mutations in SFS: 4.51885e+07
time elapsed (ms): 491321

 Saving SFS to: sfs_out_selection_{6.562814e-03}.txt
Finished
Currently we are using the genome wide mutation 1.5e-8: 
Unscaled Point Selection: 0.00660804
Number of samples to generate SFS: 720776
Running simulations
Starting iteration 0 of simulation
Finished all iterations of simulation

number of mutations in simulation: 83873057
number of mutations in SFS: 4.5161e+07
time elapsed (ms): 492521

 Saving SFS to: sfs_out_selection_{6.608040e-03}.txt
Finished
Currently we are using the genome wide mutation 1.5e-8: 
Unscaled Point Selection: 0.00665327
Number of samples to generate SFS: 720776
Running simulations
Starting iteration 0 of simulation
Finished all iterations of simulation

number of mutations in simulation: 83844772
number of mutations in SFS: 4.51334e+07
time elapsed (ms): 492722

 Saving SFS to: sfs_out_selection_{6.653266e-03}.txt
Finished
Currently we are using the genome wide mutation 1.5e-8: 
Unscaled Point Selection: 0.00669849
Number of samples to generate SFS: 720776
Running simulations
Starting iteration 0 of simulation
Finished all iterations of simulation

number of mutations in simulation: 83816676
number of mutations in SFS: 4.5106e+07
time elapsed (ms): 492365

 Saving SFS to: sfs_out_selection_{6.698492e-03}.txt
Finished
reading file robertson_samples/sample_41.txt
Currently we are using the genome wide mutation 1.5e-8: 
Unscaled Point Selection: 0.00674372
Number of samples to generate SFS: 720776
Running simulations
Starting iteration 0 of simulation
Finished all iterations of simulation

number of mutations in simulation: 83788172
number of mutations in SFS: 4.50783e+07
time elapsed (ms): 491950

 Saving SFS to: sfs_out_selection_{6.743719e-03}.txt
Finished
Currently we are using the genome wide mutation 1.5e-8: 
Unscaled Point Selection: 0.00678894
Number of samples to generate SFS: 720776
Running simulations
Starting iteration 0 of simulation
Finished all iterations of simulation

number of mutations in simulation: 83759961
number of mutations in SFS: 4.50506e+07
time elapsed (ms): 492248

 Saving SFS to: sfs_out_selection_{6.788945e-03}.txt
Finished
Currently we are using the genome wide mutation 1.5e-8: 
Unscaled Point Selection: 0.00683417
Number of samples to generate SFS: 720776
Running simulations
Starting iteration 0 of simulation
Finished all iterations of simulation

number of mutations in simulation: 83732014
number of mutations in SFS: 4.50234e+07
time elapsed (ms): 492027

 Saving SFS to: sfs_out_selection_{6.834171e-03}.txt
Finished
Currently we are using the genome wide mutation 1.5e-8: 
Unscaled Point Selection: 0.0068794
Number of samples to generate SFS: 720776
Running simulations
Starting iteration 0 of simulation
Finished all iterations of simulation

number of mutations in simulation: 83704286
number of mutations in SFS: 4.49964e+07
time elapsed (ms): 491456

 Saving SFS to: sfs_out_selection_{6.879397e-03}.txt
Finished
reading file robertson_samples/sample_42.txt
Currently we are using the genome wide mutation 1.5e-8: 
Unscaled Point Selection: 0.00692462
Number of samples to generate SFS: 720776
Running simulations
Starting iteration 0 of simulation
Finished all iterations of simulation

number of mutations in simulation: 83676497
number of mutations in SFS: 4.49693e+07
time elapsed (ms): 491489

 Saving SFS to: sfs_out_selection_{6.924623e-03}.txt
Finished
Currently we are using the genome wide mutation 1.5e-8: 
Unscaled Point Selection: 0.00696985
Number of samples to generate SFS: 720776
Running simulations
Starting iteration 0 of simulation
Finished all iterations of simulation

number of mutations in simulation: 83648895
number of mutations in SFS: 4.49422e+07
time elapsed (ms): 491109

 Saving SFS to: sfs_out_selection_{6.969849e-03}.txt
Finished
Currently we are using the genome wide mutation 1.5e-8: 
Unscaled Point Selection: 0.00701508
Number of samples to generate SFS: 720776
Running simulations
Starting iteration 0 of simulation
28895.998047	28896.000000	28895	28896.000000
28895.998047	28896.000000	28895	28896.000000
Finished all iterations of simulation

number of mutations in simulation: 83621046
number of mutations in SFS: 4.4915e+07
time elapsed (ms): 490915

 Saving SFS to: sfs_out_selection_{7.015075e-03}.txt
Finished
Currently we are using the genome wide mutation 1.5e-8: 
Unscaled Point Selection: 0.0070603
Number of samples to generate SFS: 720776
Running simulations
Starting iteration 0 of simulation
Finished all iterations of simulation

number of mutations in simulation: 83593268
number of mutations in SFS: 4.48879e+07
time elapsed (ms): 490582

 Saving SFS to: sfs_out_selection_{7.060302e-03}.txt
Finished
reading file robertson_samples/sample_43.txt
Currently we are using the genome wide mutation 1.5e-8: 
Unscaled Point Selection: 0.00710553
Number of samples to generate SFS: 720776
Running simulations
Starting iteration 0 of simulation
Finished all iterations of simulation

number of mutations in simulation: 83565957
number of mutations in SFS: 4.48612e+07
time elapsed (ms): 490271

 Saving SFS to: sfs_out_selection_{7.105528e-03}.txt
Finished
Currently we are using the genome wide mutation 1.5e-8: 
Unscaled Point Selection: 0.00715075
Number of samples to generate SFS: 720776
Running simulations
Starting iteration 0 of simulation
Finished all iterations of simulation

number of mutations in simulation: 83538412
number of mutations in SFS: 4.48342e+07
time elapsed (ms): 490108

 Saving SFS to: sfs_out_selection_{7.150754e-03}.txt
Finished
Currently we are using the genome wide mutation 1.5e-8: 
Unscaled Point Selection: 0.00719598
Number of samples to generate SFS: 720776
Running simulations
Starting iteration 0 of simulation
Finished all iterations of simulation

number of mutations in simulation: 83510981
number of mutations in SFS: 4.48075e+07
time elapsed (ms): 491767

 Saving SFS to: sfs_out_selection_{7.195980e-03}.txt
Finished
Currently we are using the genome wide mutation 1.5e-8: 
Unscaled Point Selection: 0.00724121
Number of samples to generate SFS: 720776
Running simulations
Starting iteration 0 of simulation
Finished all iterations of simulation

number of mutations in simulation: 83483747
number of mutations in SFS: 4.47809e+07
time elapsed (ms): 490375

 Saving SFS to: sfs_out_selection_{7.241206e-03}.txt
Finished
reading file robertson_samples/sample_44.txt
Currently we are using the genome wide mutation 1.5e-8: 
Unscaled Point Selection: 0.00728643
Number of samples to generate SFS: 720776
Running simulations
Starting iteration 0 of simulation
Finished all iterations of simulation

number of mutations in simulation: 83456806
number of mutations in SFS: 4.47546e+07
time elapsed (ms): 489481

 Saving SFS to: sfs_out_selection_{7.286432e-03}.txt
Finished
Currently we are using the genome wide mutation 1.5e-8: 
Unscaled Point Selection: 0.00733166
Number of samples to generate SFS: 720776
Running simulations
Starting iteration 0 of simulation
Finished all iterations of simulation

number of mutations in simulation: 83429714
number of mutations in SFS: 4.47283e+07
time elapsed (ms): 489756

 Saving SFS to: sfs_out_selection_{7.331658e-03}.txt
Finished
Currently we are using the genome wide mutation 1.5e-8: 
Unscaled Point Selection: 0.00737688
Number of samples to generate SFS: 720776
Running simulations
Starting iteration 0 of simulation
Finished all iterations of simulation

number of mutations in simulation: 83402842
number of mutations in SFS: 4.47022e+07
time elapsed (ms): 489645

 Saving SFS to: sfs_out_selection_{7.376884e-03}.txt
Finished
Currently we are using the genome wide mutation 1.5e-8: 
Unscaled Point Selection: 0.00742211
Number of samples to generate SFS: 720776
Running simulations
Starting iteration 0 of simulation
Finished all iterations of simulation

number of mutations in simulation: 83375378
number of mutations in SFS: 4.46754e+07
time elapsed (ms): 489264

 Saving SFS to: sfs_out_selection_{7.422111e-03}.txt
Finished
reading file robertson_samples/sample_45.txt
Currently we are using the genome wide mutation 1.5e-8: 
Unscaled Point Selection: 0.00746734
Number of samples to generate SFS: 720776
Running simulations
Starting iteration 0 of simulation
28895.998047	28896.000000	28895	28896.000000
Finished all iterations of simulation

number of mutations in simulation: 83348655
number of mutations in SFS: 4.46492e+07
time elapsed (ms): 489380

 Saving SFS to: sfs_out_selection_{7.467337e-03}.txt
Finished
Currently we are using the genome wide mutation 1.5e-8: 
Unscaled Point Selection: 0.00751256
Number of samples to generate SFS: 720776
Running simulations
Starting iteration 0 of simulation
Finished all iterations of simulation

number of mutations in simulation: 83321669
number of mutations in SFS: 4.46227e+07
time elapsed (ms): 489665

 Saving SFS to: sfs_out_selection_{7.512563e-03}.txt
Finished
Currently we are using the genome wide mutation 1.5e-8: 
Unscaled Point Selection: 0.00755779
Number of samples to generate SFS: 720776
Running simulations
Starting iteration 0 of simulation
Finished all iterations of simulation

number of mutations in simulation: 83295076
number of mutations in SFS: 4.45966e+07
time elapsed (ms): 489352

 Saving SFS to: sfs_out_selection_{7.557789e-03}.txt
Finished
Currently we are using the genome wide mutation 1.5e-8: 
Unscaled Point Selection: 0.00760301
Number of samples to generate SFS: 720776
Running simulations
Starting iteration 0 of simulation
Finished all iterations of simulation

number of mutations in simulation: 83267715
number of mutations in SFS: 4.45701e+07
time elapsed (ms): 488806

 Saving SFS to: sfs_out_selection_{7.603015e-03}.txt
Finished
reading file robertson_samples/sample_46.txt
Currently we are using the genome wide mutation 1.5e-8: 
Unscaled Point Selection: 0.00764824
Number of samples to generate SFS: 720776
Running simulations
Starting iteration 0 of simulation
Finished all iterations of simulation

number of mutations in simulation: 83241271
number of mutations in SFS: 4.45443e+07
time elapsed (ms): 488915

 Saving SFS to: sfs_out_selection_{7.648241e-03}.txt
Finished
Currently we are using the genome wide mutation 1.5e-8: 
Unscaled Point Selection: 0.00769347
Number of samples to generate SFS: 720776
Running simulations
Starting iteration 0 of simulation
Finished all iterations of simulation

number of mutations in simulation: 83214573
number of mutations in SFS: 4.45182e+07
time elapsed (ms): 488533

 Saving SFS to: sfs_out_selection_{7.693467e-03}.txt
Finished
Currently we are using the genome wide mutation 1.5e-8: 
Unscaled Point Selection: 0.00773869
Number of samples to generate SFS: 720776
Running simulations
Starting iteration 0 of simulation
28895.998047	28896.000000	28895	28896.000000
28895.998047	28896.000000	28895	28896.000000
Finished all iterations of simulation

number of mutations in simulation: 83188389
number of mutations in SFS: 4.44927e+07
time elapsed (ms): 488489

 Saving SFS to: sfs_out_selection_{7.738693e-03}.txt
Finished
Currently we are using the genome wide mutation 1.5e-8: 
Unscaled Point Selection: 0.00778392
Number of samples to generate SFS: 720776
Running simulations
Starting iteration 0 of simulation
Finished all iterations of simulation

number of mutations in simulation: 83162210
number of mutations in SFS: 4.44671e+07
time elapsed (ms): 488892

 Saving SFS to: sfs_out_selection_{7.783920e-03}.txt
Finished
reading file robertson_samples/sample_47.txt
Currently we are using the genome wide mutation 1.5e-8: 
Unscaled Point Selection: 0.00782915
Number of samples to generate SFS: 720776
Running simulations
Starting iteration 0 of simulation
Finished all iterations of simulation

number of mutations in simulation: 83136107
number of mutations in SFS: 4.44418e+07
time elapsed (ms): 488169

 Saving SFS to: sfs_out_selection_{7.829146e-03}.txt
Finished
Currently we are using the genome wide mutation 1.5e-8: 
Unscaled Point Selection: 0.00787437
Number of samples to generate SFS: 720776
Running simulations
Starting iteration 0 of simulation
Finished all iterations of simulation

number of mutations in simulation: 83109705
number of mutations in SFS: 4.44162e+07
time elapsed (ms): 488142

 Saving SFS to: sfs_out_selection_{7.874372e-03}.txt
Finished
Currently we are using the genome wide mutation 1.5e-8: 
Unscaled Point Selection: 0.0079196
Number of samples to generate SFS: 720776
Running simulations
Starting iteration 0 of simulation
Finished all iterations of simulation

number of mutations in simulation: 83083545
number of mutations in SFS: 4.43907e+07
time elapsed (ms): 488642

 Saving SFS to: sfs_out_selection_{7.919598e-03}.txt
Finished
Currently we are using the genome wide mutation 1.5e-8: 
Unscaled Point Selection: 0.00796482
Number of samples to generate SFS: 720776
Running simulations
Starting iteration 0 of simulation
Finished all iterations of simulation

number of mutations in simulation: 83057171
number of mutations in SFS: 4.43651e+07
time elapsed (ms): 487793

 Saving SFS to: sfs_out_selection_{7.964824e-03}.txt
Finished
reading file robertson_samples/sample_48.txt
Currently we are using the genome wide mutation 1.5e-8: 
Unscaled Point Selection: 0.00801005
Number of samples to generate SFS: 720776
Running simulations
Starting iteration 0 of simulation
Finished all iterations of simulation

number of mutations in simulation: 83031429
number of mutations in SFS: 4.43399e+07
time elapsed (ms): 487662

 Saving SFS to: sfs_out_selection_{8.010050e-03}.txt
Finished
Currently we are using the genome wide mutation 1.5e-8: 
Unscaled Point Selection: 0.00805528
Number of samples to generate SFS: 720776
Running simulations
Starting iteration 0 of simulation
Finished all iterations of simulation

number of mutations in simulation: 83005207
number of mutations in SFS: 4.43144e+07
time elapsed (ms): 487375

 Saving SFS to: sfs_out_selection_{8.055276e-03}.txt
Finished
Currently we are using the genome wide mutation 1.5e-8: 
Unscaled Point Selection: 0.0081005
Number of samples to generate SFS: 720776
Running simulations
Starting iteration 0 of simulation
Finished all iterations of simulation

number of mutations in simulation: 82979356
number of mutations in SFS: 4.42893e+07
time elapsed (ms): 487178

 Saving SFS to: sfs_out_selection_{8.100503e-03}.txt
Finished
Currently we are using the genome wide mutation 1.5e-8: 
Unscaled Point Selection: 0.00814573
Number of samples to generate SFS: 720776
Running simulations
Starting iteration 0 of simulation
Finished all iterations of simulation

number of mutations in simulation: 82953520
number of mutations in SFS: 4.4264e+07
time elapsed (ms): 486956

 Saving SFS to: sfs_out_selection_{8.145729e-03}.txt
Finished
reading file robertson_samples/sample_49.txt
Currently we are using the genome wide mutation 1.5e-8: 
Unscaled Point Selection: 0.00819096
Number of samples to generate SFS: 720776
Running simulations
Starting iteration 0 of simulation
Finished all iterations of simulation

number of mutations in simulation: 82927485
number of mutations in SFS: 4.42387e+07
time elapsed (ms): 486952

 Saving SFS to: sfs_out_selection_{8.190955e-03}.txt
Finished
Currently we are using the genome wide mutation 1.5e-8: 
Unscaled Point Selection: 0.00823618
Number of samples to generate SFS: 720776
Running simulations
Starting iteration 0 of simulation
Finished all iterations of simulation

number of mutations in simulation: 82901930
number of mutations in SFS: 4.42138e+07
time elapsed (ms): 486743

 Saving SFS to: sfs_out_selection_{8.236181e-03}.txt
Finished
Currently we are using the genome wide mutation 1.5e-8: 
Unscaled Point Selection: 0.00828141
Number of samples to generate SFS: 720776
Running simulations
Starting iteration 0 of simulation
Finished all iterations of simulation

number of mutations in simulation: 82875895
number of mutations in SFS: 4.41885e+07
time elapsed (ms): 486965

 Saving SFS to: sfs_out_selection_{8.281407e-03}.txt
Finished
Currently we are using the genome wide mutation 1.5e-8: 
Unscaled Point Selection: 0.00832663
Number of samples to generate SFS: 720776
Running simulations
Starting iteration 0 of simulation
Finished all iterations of simulation

number of mutations in simulation: 82850493
number of mutations in SFS: 4.41637e+07
time elapsed (ms): 486784

 Saving SFS to: sfs_out_selection_{8.326633e-03}.txt
Finished
reading file robertson_samples/sample_4.txt
Currently we are using the genome wide mutation 1.5e-8: 
Unscaled Point Selection: 1.2709e-05
Number of samples to generate SFS: 720776
Running simulations
Starting iteration 0 of simulation
58807.996094	58808.000000	58807	58808.000000
58807.996094	58808.000000	58807	58808.000000
58807.996094	58808.000000	58807	58808.000000
58807.996094	58808.000000	58807	58808.000000
58807.996094	58808.000000	58807	58808.000000
58807.996094	58808.000000	58807	58808.000000
58807.996094	58808.000000	58807	58808.000000
58807.996094	58808.000000	58807	58808.000000
58807.996094	58808.000000	58807	58808.000000
58807.996094	58808.000000	58807	58808.000000
58807.996094	58808.000000	58807	58808.000000
58807.996094	58808.000000	58807	58808.000000
6743.999512	6744.000000	6743	6744.000000
6743.999512	6744.000000	6743	6744.000000
6743.999512	6744.000000	6743	6744.000000
6743.999512	6744.000000	6743	6744.000000
6743.999512	6744.000000	6743	6744.000000
6743.999512	6744.000000	6743	6744.000000
6743.999512	6744.000000	6743	6744.000000
58807.996094	58808.000000	58807	58808.000000
58807.996094	58808.000000	58807	58808.000000
58807.996094	58808.000000	58807	58808.000000
58807.996094	58808.000000	58807	58808.000000
58807.996094	58808.000000	58807	58808.000000
58807.996094	58808.000000	58807	58808.000000
58807.996094	58808.000000	58807	58808.000000
58807.996094	58808.000000	58807	58808.000000
58807.996094	58808.000000	58807	58808.000000
58807.996094	58808.000000	58807	58808.000000
58807.996094	58808.000000	58806	58808.000000
58807.996094	58808.000000	58807	58808.000000
58807.996094	58808.000000	58807	58808.000000
6743.999512	6744.000000	6743	6744.000000
6743.999512	6744.000000	6743	6744.000000
6743.999512	6744.000000	6743	6744.000000
Finished all iterations of simulation

number of mutations in simulation: 89260328
number of mutations in SFS: 5.04567e+07
time elapsed (ms): 528175

 Saving SFS to: sfs_out_selection_{1.270903e-05}.txt
Finished
Currently we are using the genome wide mutation 1.5e-8: 
Unscaled Point Selection: 1.30435e-05
Number of samples to generate SFS: 720776
Running simulations
Starting iteration 0 of simulation
54733.996094	54734.000000	54733	54734.000000
54733.996094	54734.000000	54733	54734.000000
54733.996094	54734.000000	54733	54734.000000
54733.996094	54734.000000	54733	54734.000000
54733.996094	54734.000000	54733	54734.000000
54733.996094	54734.000000	54733	54734.000000
54733.996094	54734.000000	54733	54734.000000
54733.996094	54734.000000	54733	54734.000000
54733.996094	54734.000000	54733	54734.000000
54733.996094	54734.000000	54733	54734.000000
54733.996094	54734.000000	54733	54734.000000
54733.996094	54734.000000	54733	54734.000000
54733.996094	54734.000000	54733	54734.000000
54733.996094	54734.000000	54733	54734.000000
54733.996094	54734.000000	54733	54734.000000
54733.996094	54734.000000	54732	54734.000000
54733.996094	54734.000000	54733	54734.000000
54733.996094	54734.000000	54733	54734.000000
54733.996094	54734.000000	54733	54734.000000
54733.996094	54734.000000	54733	54734.000000
54733.996094	54734.000000	54733	54734.000000
54733.996094	54734.000000	54733	54734.000000
54733.996094	54734.000000	54733	54734.000000
54733.996094	54734.000000	54733	54734.000000
54733.996094	54734.000000	54733	54734.000000
54733.996094	54734.000000	54733	54734.000000
54733.996094	54734.000000	54733	54734.000000
54733.996094	54734.000000	54733	54734.000000
54733.996094	54734.000000	54733	54734.000000
54733.996094	54734.000000	54733	54734.000000
54733.996094	54734.000000	54733	54734.000000
54733.996094	54734.000000	54733	54734.000000
54733.996094	54734.000000	54733	54734.000000
54733.996094	54734.000000	54733	54734.000000
54733.996094	54734.000000	54733	54734.000000
54733.996094	54734.000000	54733	54734.000000
54733.996094	54734.000000	54733	54734.000000
54733.996094	54734.000000	54733	54734.000000
54733.996094	54734.000000	54733	54734.000000
54733.996094	54734.000000	54733	54734.000000
54733.996094	54734.000000	54733	54734.000000
54733.996094	54734.000000	54733	54734.000000
54733.996094	54734.000000	54733	54734.000000
54733.996094	54734.000000	54733	54734.000000
54733.996094	54734.000000	54733	54734.000000
54733.996094	54734.000000	54733	54734.000000
54733.996094	54734.000000	54733	54734.000000
54733.996094	54734.000000	54733	54734.000000
54733.996094	54734.000000	54733	54734.000000
54733.996094	54734.000000	54733	54734.000000
54733.996094	54734.000000	54733	54734.000000
54733.996094	54734.000000	54733	54734.000000
54733.996094	54734.000000	54733	54734.000000
54733.996094	54734.000000	54733	54734.000000
54733.996094	54734.000000	54733	54734.000000
54733.996094	54734.000000	54733	54734.000000
54733.996094	54734.000000	54733	54734.000000
54733.996094	54734.000000	54733	54734.000000
54733.996094	54734.000000	54733	54734.000000
54733.996094	54734.000000	54733	54734.000000
54733.996094	54734.000000	54733	54734.000000
54733.996094	54734.000000	54733	54734.000000
54733.996094	54734.000000	54733	54734.000000
54733.996094	54734.000000	54733	54734.000000
54733.996094	54734.000000	54733	54734.000000
54733.996094	54734.000000	54733	54734.000000
54733.996094	54734.000000	54733	54734.000000
54733.996094	54734.000000	54733	54734.000000
54733.996094	54734.000000	54733	54734.000000
54733.996094	54734.000000	54733	54734.000000
54733.996094	54734.000000	54733	54734.000000
54733.996094	54734.000000	54733	54734.000000
54733.996094	54734.000000	54733	54734.000000
54733.996094	54734.000000	54733	54734.000000
54733.996094	54734.000000	54733	54734.000000
54733.996094	54734.000000	54733	54734.000000
54733.996094	54734.000000	54733	54734.000000
54733.996094	54734.000000	54733	54734.000000
54733.996094	54734.000000	54733	54734.000000
54733.996094	54734.000000	54733	54734.000000
54733.996094	54734.000000	54733	54734.000000
54733.996094	54734.000000	54733	54734.000000
54733.996094	54734.000000	54733	54734.000000
54733.996094	54734.000000	54733	54734.000000
54733.996094	54734.000000	54733	54734.000000
Finished all iterations of simulation

number of mutations in simulation: 89259492
number of mutations in SFS: 5.04559e+07
time elapsed (ms): 527891

 Saving SFS to: sfs_out_selection_{1.304348e-05}.txt
Finished
Currently we are using the genome wide mutation 1.5e-8: 
Unscaled Point Selection: 1.33779e-05
Number of samples to generate SFS: 720776
Running simulations
Starting iteration 0 of simulation
28927.998047	28928.000000	28927	28928.000000
28927.998047	28928.000000	28927	28928.000000
28927.998047	28928.000000	28927	28928.000000
28927.998047	28928.000000	28927	28928.000000
28927.998047	28928.000000	28927	28928.000000
28927.998047	28928.000000	28927	28928.000000
28927.998047	28928.000000	28927	28928.000000
28927.998047	28928.000000	28927	28928.000000
28927.998047	28928.000000	28927	28928.000000
28927.998047	28928.000000	28927	28928.000000
28927.998047	28928.000000	28927	28928.000000
28927.998047	28928.000000	28927	28928.000000
28927.998047	28928.000000	28927	28928.000000
28927.998047	28928.000000	28927	28928.000000
28927.998047	28928.000000	28927	28928.000000
28927.998047	28928.000000	28927	28928.000000
28927.998047	28928.000000	28927	28928.000000
28927.998047	28928.000000	28927	28928.000000
28927.998047	28928.000000	28927	28928.000000
28927.998047	28928.000000	28927	28928.000000
28927.998047	28928.000000	28927	28928.000000
28927.998047	28928.000000	28927	28928.000000
28927.998047	28928.000000	28927	28928.000000
28927.998047	28928.000000	28927	28928.000000
28927.998047	28928.000000	28927	28928.000000
28927.998047	28928.000000	28927	28928.000000
28927.998047	28928.000000	28927	28928.000000
28927.998047	28928.000000	28927	28928.000000
28927.998047	28928.000000	28927	28928.000000
28927.998047	28928.000000	28927	28928.000000
28927.998047	28928.000000	28927	28928.000000
28927.998047	28928.000000	28927	28928.000000
28927.998047	28928.000000	28927	28928.000000
28927.998047	28928.000000	28927	28928.000000
28927.998047	28928.000000	28927	28928.000000
28927.998047	28928.000000	28927	28928.000000
54733.996094	54734.000000	54733	54734.000000
54733.996094	54734.000000	54733	54734.000000
54733.996094	54734.000000	54733	54734.000000
54733.996094	54734.000000	54733	54734.000000
54733.996094	54734.000000	54733	54734.000000
54733.996094	54734.000000	54733	54734.000000
54733.996094	54734.000000	54733	54734.000000
54733.996094	54734.000000	54733	54734.000000
54733.996094	54734.000000	54733	54734.000000
54733.996094	54734.000000	54733	54734.000000
54733.996094	54734.000000	54733	54734.000000
54733.996094	54734.000000	54733	54734.000000
54733.996094	54734.000000	54733	54734.000000
54733.996094	54734.000000	54733	54734.000000
54733.996094	54734.000000	54733	54734.000000
54733.996094	54734.000000	54733	54734.000000
54733.996094	54734.000000	54733	54734.000000
54733.996094	54734.000000	54733	54734.000000
54733.996094	54734.000000	54733	54734.000000
54733.996094	54734.000000	54733	54734.000000
54733.996094	54734.000000	54733	54734.000000
54733.996094	54734.000000	54733	54734.000000
54733.996094	54734.000000	54733	54734.000000
54733.996094	54734.000000	54733	54734.000000
54733.996094	54734.000000	54733	54734.000000
54733.996094	54734.000000	54733	54734.000000
54733.996094	54734.000000	54733	54734.000000
54733.996094	54734.000000	54733	54734.000000
54733.996094	54734.000000	54733	54734.000000
54733.996094	54734.000000	54733	54734.000000
54733.996094	54734.000000	54733	54734.000000
54733.996094	54734.000000	54733	54734.000000
54733.996094	54734.000000	54733	54734.000000
54733.996094	54734.000000	54733	54734.000000
54733.996094	54734.000000	54733	54734.000000
54733.996094	54734.000000	54733	54734.000000
28927.998047	28928.000000	28927	28928.000000
28927.998047	28928.000000	28927	28928.000000
28927.998047	28928.000000	28927	28928.000000
28927.998047	28928.000000	28927	28928.000000
28927.998047	28928.000000	28927	28928.000000
28927.998047	28928.000000	28927	28928.000000
28927.998047	28928.000000	28927	28928.000000
28927.998047	28928.000000	28927	28928.000000
28927.998047	28928.000000	28927	28928.000000
28927.998047	28928.000000	28927	28928.000000
28927.998047	28928.000000	28927	28928.000000
28927.998047	28928.000000	28927	28928.000000
28927.998047	28928.000000	28927	28928.000000
28927.998047	28928.000000	28927	28928.000000
28927.998047	28928.000000	28927	28928.000000
28927.998047	28928.000000	28927	28928.000000
28927.998047	28928.000000	28927	28928.000000
28927.998047	28928.000000	28927	28928.000000
28927.998047	28928.000000	28927	28928.000000
28927.998047	28928.000000	28927	28928.000000
28927.998047	28928.000000	28927	28928.000000
28927.998047	28928.000000	28927	28928.000000
28927.998047	28928.000000	28927	28928.000000
28927.998047	28928.000000	28927	28928.000000
28927.998047	28928.000000	28927	28928.000000
28927.998047	28928.000000	28927	28928.000000
28927.998047	28928.000000	28927	28928.000000
28927.998047	28928.000000	28927	28928.000000
28927.998047	28928.000000	28927	28928.000000
28927.998047	28928.000000	28927	28928.000000
28927.998047	28928.000000	28927	28928.000000
28927.998047	28928.000000	28927	28928.000000
28927.998047	28928.000000	28927	28928.000000
28927.998047	28928.000000	28927	28928.000000
28927.998047	28928.000000	28927	28928.000000
28927.998047	28928.000000	28927	28928.000000
28927.998047	28928.000000	28927	28928.000000
28927.998047	28928.000000	28927	28928.000000
28927.998047	28928.000000	28927	28928.000000
28927.998047	28928.000000	28927	28928.000000
28927.998047	28928.000000	28927	28928.000000
28927.998047	28928.000000	28927	28928.000000
28927.998047	28928.000000	28927	28928.000000
28927.998047	28928.000000	28927	28928.000000
28927.998047	28928.000000	28927	28928.000000
28927.998047	28928.000000	28927	28928.000000
54733.996094	54734.000000	54733	54734.000000
54733.996094	54734.000000	54733	54734.000000
54733.996094	54734.000000	54733	54734.000000
54733.996094	54734.000000	54733	54734.000000
54733.996094	54734.000000	54733	54734.000000
54733.996094	54734.000000	54733	54734.000000
54733.996094	54734.000000	54733	54734.000000
54733.996094	54734.000000	54733	54734.000000
54733.996094	54734.000000	54733	54734.000000
54733.996094	54734.000000	54733	54734.000000
54733.996094	54734.000000	54733	54734.000000
54733.996094	54734.000000	54733	54734.000000
54733.996094	54734.000000	54733	54734.000000
54733.996094	54734.000000	54733	54734.000000
54733.996094	54734.000000	54733	54734.000000
54733.996094	54734.000000	54733	54734.000000
54733.996094	54734.000000	54733	54734.000000
54733.996094	54734.000000	54733	54734.000000
54733.996094	54734.000000	54733	54734.000000
54733.996094	54734.000000	54733	54734.000000
54733.996094	54734.000000	54733	54734.000000
54733.996094	54734.000000	54733	54734.000000
54733.996094	54734.000000	54733	54734.000000
54733.996094	54734.000000	54733	54734.000000
54733.996094	54734.000000	54733	54734.000000
54733.996094	54734.000000	54733	54734.000000
54733.996094	54734.000000	54733	54734.000000
54733.996094	54734.000000	54733	54734.000000
54733.996094	54734.000000	54733	54734.000000
54733.996094	54734.000000	54733	54734.000000
54733.996094	54734.000000	54733	54734.000000
54733.996094	54734.000000	54733	54734.000000
54733.996094	54734.000000	54733	54734.000000
54733.996094	54734.000000	54733	54734.000000
Finished all iterations of simulation

number of mutations in simulation: 89259232
number of mutations in SFS: 5.04556e+07
time elapsed (ms): 527936

 Saving SFS to: sfs_out_selection_{1.337793e-05}.txt
Finished
Currently we are using the genome wide mutation 1.5e-8: 
Unscaled Point Selection: 1.37124e-05
Number of samples to generate SFS: 720776
Running simulations
Starting iteration 0 of simulation
30415.998047	30416.000000	30415	30416.000000
30415.998047	30416.000000	30415	30416.000000
30415.998047	30416.000000	30415	30416.000000
30415.998047	30416.000000	30415	30416.000000
30415.998047	30416.000000	30415	30416.000000
30415.998047	30416.000000	30415	30416.000000
30415.998047	30416.000000	30415	30416.000000
30415.998047	30416.000000	30415	30416.000000
30415.998047	30416.000000	30415	30416.000000
30415.998047	30416.000000	30415	30416.000000
30415.998047	30416.000000	30415	30416.000000
30415.998047	30416.000000	30415	30416.000000
30415.998047	30416.000000	30415	30416.000000
30415.998047	30416.000000	30415	30416.000000
30415.998047	30416.000000	30415	30416.000000
30415.998047	30416.000000	30415	30416.000000
30415.998047	30416.000000	30415	30416.000000
30415.998047	30416.000000	30415	30416.000000
30415.998047	30416.000000	30415	30416.000000
30415.998047	30416.000000	30415	30416.000000
30415.998047	30416.000000	30415	30416.000000
30415.998047	30416.000000	30415	30416.000000
30415.998047	30416.000000	30415	30416.000000
30415.998047	30416.000000	30415	30416.000000
30415.998047	30416.000000	30415	30416.000000
30415.998047	30416.000000	30415	30416.000000
30415.998047	30416.000000	30415	30416.000000
30415.998047	30416.000000	30415	30416.000000
30415.998047	30416.000000	30415	30416.000000
30415.998047	30416.000000	30415	30416.000000
30415.998047	30416.000000	30415	30416.000000
30415.998047	30416.000000	30415	30416.000000
30415.998047	30416.000000	30415	30416.000000
30415.998047	30416.000000	30415	30416.000000
30415.998047	30416.000000	30415	30416.000000
30415.998047	30416.000000	30415	30416.000000
30415.998047	30416.000000	30415	30416.000000
30415.998047	30416.000000	30415	30416.000000
30415.998047	30416.000000	30415	30416.000000
30415.998047	30416.000000	30415	30416.000000
30415.998047	30416.000000	30415	30416.000000
30415.998047	30416.000000	30415	30416.000000
30415.998047	30416.000000	30415	30416.000000
30415.998047	30416.000000	30415	30416.000000
30415.998047	30416.000000	30415	30416.000000
30415.998047	30416.000000	30415	30416.000000
30415.998047	30416.000000	30415	30416.000000
30415.998047	30416.000000	30415	30416.000000
30415.998047	30416.000000	30415	30416.000000
30415.998047	30416.000000	30415	30416.000000
30415.998047	30416.000000	30415	30416.000000
30415.998047	30416.000000	30415	30416.000000
30415.998047	30416.000000	30415	30416.000000
30415.998047	30416.000000	30415	30416.000000
30415.998047	30416.000000	30415	30416.000000
30415.998047	30416.000000	30415	30416.000000
30415.998047	30416.000000	30415	30416.000000
30415.998047	30416.000000	30415	30416.000000
30415.998047	30416.000000	30415	30416.000000
54733.996094	54734.000000	54733	54734.000000
54733.996094	54734.000000	54733	54734.000000
54733.996094	54734.000000	54733	54734.000000
54733.996094	54734.000000	54733	54734.000000
54733.996094	54734.000000	54733	54734.000000
54733.996094	54734.000000	54733	54734.000000
54733.996094	54734.000000	54733	54734.000000
54733.996094	54734.000000	54733	54734.000000
54733.996094	54734.000000	54733	54734.000000
54733.996094	54734.000000	54733	54734.000000
54733.996094	54734.000000	54733	54734.000000
54733.996094	54734.000000	54733	54734.000000
54733.996094	54734.000000	54733	54734.000000
54733.996094	54734.000000	54733	54734.000000
54733.996094	54734.000000	54733	54734.000000
54733.996094	54734.000000	54733	54734.000000
54733.996094	54734.000000	54733	54734.000000
54733.996094	54734.000000	54733	54734.000000
54733.996094	54734.000000	54733	54734.000000
54733.996094	54734.000000	54733	54734.000000
54733.996094	54734.000000	54733	54734.000000
54733.996094	54734.000000	54733	54734.000000
54733.996094	54734.000000	54733	54734.000000
54733.996094	54734.000000	54733	54734.000000
54733.996094	54734.000000	54733	54734.000000
54733.996094	54734.000000	54733	54734.000000
54733.996094	54734.000000	54733	54734.000000
54733.996094	54734.000000	54733	54734.000000
54733.996094	54734.000000	54733	54734.000000
54733.996094	54734.000000	54733	54734.000000
54733.996094	54734.000000	54733	54734.000000
54733.996094	54734.000000	54733	54734.000000
54733.996094	54734.000000	54733	54734.000000
54733.996094	54734.000000	54733	54734.000000
54733.996094	54734.000000	54733	54734.000000
54733.996094	54734.000000	54733	54734.000000
54733.996094	54734.000000	54733	54734.000000
54733.996094	54734.000000	54733	54734.000000
60831.996094	60832.000000	60831	60832.000000
60831.996094	60832.000000	60831	60832.000000
60831.996094	60832.000000	60831	60832.000000
60831.996094	60832.000000	60831	60832.000000
60831.996094	60832.000000	60831	60832.000000
60831.996094	60832.000000	60831	60832.000000
60831.996094	60832.000000	60831	60832.000000
60831.996094	60832.000000	60831	60832.000000
60831.996094	60832.000000	60831	60832.000000
60831.996094	60832.000000	60831	60832.000000
60831.996094	60832.000000	60831	60832.000000
60831.996094	60832.000000	60831	60832.000000
60831.996094	60832.000000	60831	60832.000000
60831.996094	60832.000000	60831	60832.000000
60831.996094	60832.000000	60831	60832.000000
60831.996094	60832.000000	60831	60832.000000
60831.996094	60832.000000	60831	60832.000000
60831.996094	60832.000000	60831	60832.000000
60831.996094	60832.000000	60831	60832.000000
60831.996094	60832.000000	60831	60832.000000
60831.996094	60832.000000	60831	60832.000000
60831.996094	60832.000000	60831	60832.000000
60831.996094	60832.000000	60831	60832.000000
60831.996094	60832.000000	60831	60832.000000
60831.996094	60832.000000	60831	60832.000000
60831.996094	60832.000000	60831	60832.000000
60831.996094	60832.000000	60831	60832.000000
60831.996094	60832.000000	60831	60832.000000
60831.996094	60832.000000	60831	60832.000000
60831.996094	60832.000000	60831	60832.000000
60831.996094	60832.000000	60831	60832.000000
60831.996094	60832.000000	60831	60832.000000
60831.996094	60832.000000	60831	60832.000000
60831.996094	60832.000000	60831	60832.000000
60831.996094	60832.000000	60831	60832.000000
64119.996094	64120.000000	64119	64120.000000
64119.996094	64120.000000	64119	64120.000000
64119.996094	64120.000000	64119	64120.000000
64119.996094	64120.000000	64119	64120.000000
64119.996094	64120.000000	64119	64120.000000
64119.996094	64120.000000	64119	64120.000000
64119.996094	64120.000000	64119	64120.000000
64119.996094	64120.000000	64119	64120.000000
64119.996094	64120.000000	64119	64120.000000
64119.996094	64120.000000	64119	64120.000000
64119.996094	64120.000000	64119	64120.000000
64119.996094	64120.000000	64119	64120.000000
64119.996094	64120.000000	64119	64120.000000
64119.996094	64120.000000	64119	64120.000000
64119.996094	64120.000000	64119	64120.000000
64119.996094	64120.000000	64119	64120.000000
64119.996094	64120.000000	64119	64120.000000
64119.996094	64120.000000	64119	64120.000000
64119.996094	64120.000000	64119	64120.000000
64119.996094	64120.000000	64119	64120.000000
64119.996094	64120.000000	64119	64120.000000
64119.996094	64120.000000	64119	64120.000000
64119.996094	64120.000000	64119	64120.000000
64119.996094	64120.000000	64119	64120.000000
30415.998047	30416.000000	30415	30416.000000
30415.998047	30416.000000	30415	30416.000000
30415.998047	30416.000000	30415	30416.000000
30415.998047	30416.000000	30415	30416.000000
30415.998047	30416.000000	30415	30416.000000
30415.998047	30416.000000	30415	30416.000000
30415.998047	30416.000000	30415	30416.000000
30415.998047	30416.000000	30415	30416.000000
30415.998047	30416.000000	30415	30416.000000
30415.998047	30416.000000	30415	30416.000000
30415.998047	30416.000000	30415	30416.000000
30415.998047	30416.000000	30415	30416.000000
30415.998047	30416.000000	30415	30416.000000
30415.998047	30416.000000	30415	30416.000000
30415.998047	30416.000000	30415	30416.000000
30415.998047	30416.000000	30415	30416.000000
30415.998047	30416.000000	30415	30416.000000
30415.998047	30416.000000	30415	30416.000000
30415.998047	30416.000000	30415	30416.000000
30415.998047	30416.000000	30415	30416.000000
30415.998047	30416.000000	30415	30416.000000
30415.998047	30416.000000	30415	30416.000000
30415.998047	30416.000000	30415	30416.000000
30415.998047	30416.000000	30415	30416.000000
30415.998047	30416.000000	30415	30416.000000
30415.998047	30416.000000	30415	30416.000000
30415.998047	30416.000000	30415	30416.000000
30415.998047	30416.000000	30415	30416.000000
30415.998047	30416.000000	30415	30416.000000
30415.998047	30416.000000	30415	30416.000000
30415.998047	30416.000000	30415	30416.000000
30415.998047	30416.000000	30415	30416.000000
30415.998047	30416.000000	30415	30416.000000
30415.998047	30416.000000	30415	30416.000000
30415.998047	30416.000000	30415	30416.000000
30415.998047	30416.000000	30415	30416.000000
30415.998047	30416.000000	30415	30416.000000
30415.998047	30416.000000	30415	30416.000000
30415.998047	30416.000000	30415	30416.000000
30415.998047	30416.000000	30415	30416.000000
30415.998047	30416.000000	30415	30416.000000
30415.998047	30416.000000	30415	30416.000000
30415.998047	30416.000000	30415	30416.000000
30415.998047	30416.000000	30415	30416.000000
30415.998047	30416.000000	30415	30416.000000
30415.998047	30416.000000	30415	30416.000000
30415.998047	30416.000000	30415	30416.000000
30415.998047	30416.000000	30415	30416.000000
30415.998047	30416.000000	30415	30416.000000
30415.998047	30416.000000	30415	30416.000000
30415.998047	30416.000000	30415	30416.000000
30415.998047	30416.000000	30415	30416.000000
30415.998047	30416.000000	30415	30416.000000
30415.998047	30416.000000	30415	30416.000000
30415.998047	30416.000000	30415	30416.000000
30415.998047	30416.000000	30415	30416.000000
30415.998047	30416.000000	30415	30416.000000
30415.998047	30416.000000	30415	30416.000000
30415.998047	30416.000000	30415	30416.000000
30415.998047	30416.000000	30415	30416.000000
30415.998047	30416.000000	30415	30416.000000
30415.998047	30416.000000	30415	30416.000000
30415.998047	30416.000000	30415	30416.000000
30415.998047	30416.000000	30415	30416.000000
30415.998047	30416.000000	30415	30416.000000
30415.998047	30416.000000	30415	30416.000000
30415.998047	30416.000000	30415	30416.000000
30415.998047	30416.000000	30415	30416.000000
30415.998047	30416.000000	30415	30416.000000
30415.998047	30416.000000	30415	30416.000000
30415.998047	30416.000000	30415	30416.000000
30415.998047	30416.000000	30415	30416.000000
30415.998047	30416.000000	30415	30416.000000
30415.998047	30416.000000	30415	30416.000000
30415.998047	30416.000000	30415	30416.000000
30415.998047	30416.000000	30415	30416.000000
30415.998047	30416.000000	30415	30416.000000
30415.998047	30416.000000	30415	30416.000000
30415.998047	30416.000000	30415	30416.000000
30415.998047	30416.000000	30415	30416.000000
30415.998047	30416.000000	30415	30416.000000
30415.998047	30416.000000	30415	30416.000000
30415.998047	30416.000000	30415	30416.000000
30415.998047	30416.000000	30415	30416.000000
30415.998047	30416.000000	30415	30416.000000
54733.996094	54734.000000	54733	54734.000000
54733.996094	54734.000000	54733	54734.000000
54733.996094	54734.000000	54733	54734.000000
54733.996094	54734.000000	54733	54734.000000
54733.996094	54734.000000	54733	54734.000000
54733.996094	54734.000000	54733	54734.000000
54733.996094	54734.000000	54733	54734.000000
54733.996094	54734.000000	54733	54734.000000
54733.996094	54734.000000	54733	54734.000000
54733.996094	54734.000000	54733	54734.000000
54733.996094	54734.000000	54733	54734.000000
54733.996094	54734.000000	54733	54734.000000
54733.996094	54734.000000	54733	54734.000000
54733.996094	54734.000000	54733	54734.000000
54733.996094	54734.000000	54733	54734.000000
54733.996094	54734.000000	54733	54734.000000
54733.996094	54734.000000	54733	54734.000000
54733.996094	54734.000000	54733	54734.000000
54733.996094	54734.000000	54733	54734.000000
54733.996094	54734.000000	54733	54734.000000
54733.996094	54734.000000	54733	54734.000000
54733.996094	54734.000000	54733	54734.000000
54733.996094	54734.000000	54733	54734.000000
54733.996094	54734.000000	54733	54734.000000
54733.996094	54734.000000	54733	54734.000000
54733.996094	54734.000000	54733	54734.000000
54733.996094	54734.000000	54733	54734.000000
54733.996094	54734.000000	54733	54734.000000
54733.996094	54734.000000	54733	54734.000000
54733.996094	54734.000000	54733	54734.000000
54733.996094	54734.000000	54733	54734.000000
54733.996094	54734.000000	54733	54734.000000
54733.996094	54734.000000	54733	54734.000000
60831.996094	60832.000000	60831	60832.000000
60831.996094	60832.000000	60831	60832.000000
60831.996094	60832.000000	60831	60832.000000
60831.996094	60832.000000	60831	60832.000000
60831.996094	60832.000000	60831	60832.000000
60831.996094	60832.000000	60831	60832.000000
60831.996094	60832.000000	60831	60832.000000
60831.996094	60832.000000	60831	60832.000000
60831.996094	60832.000000	60831	60832.000000
60831.996094	60832.000000	60831	60832.000000
60831.996094	60832.000000	60831	60832.000000
60831.996094	60832.000000	60831	60832.000000
60831.996094	60832.000000	60831	60832.000000
60831.996094	60832.000000	60831	60832.000000
60831.996094	60832.000000	60831	60832.000000
60831.996094	60832.000000	60831	60832.000000
60831.996094	60832.000000	60831	60832.000000
60831.996094	60832.000000	60831	60832.000000
60831.996094	60832.000000	60831	60832.000000
60831.996094	60832.000000	60831	60832.000000
60831.996094	60832.000000	60831	60832.000000
60831.996094	60832.000000	60831	60832.000000
60831.996094	60832.000000	60831	60832.000000
60831.996094	60832.000000	60831	60832.000000
60831.996094	60832.000000	60831	60832.000000
60831.996094	60832.000000	60831	60832.000000
60831.996094	60832.000000	60831	60832.000000
60831.996094	60832.000000	60831	60832.000000
60831.996094	60832.000000	60831	60832.000000
60831.996094	60832.000000	60831	60832.000000
60831.996094	60832.000000	60831	60832.000000
60831.996094	60832.000000	60831	60832.000000
60831.996094	60832.000000	60831	60832.000000
64119.996094	64120.000000	64119	64120.000000
64119.996094	64120.000000	64119	64120.000000
64119.996094	64120.000000	64119	64120.000000
64119.996094	64120.000000	64119	64120.000000
64119.996094	64120.000000	64119	64120.000000
64119.996094	64120.000000	64119	64120.000000
64119.996094	64120.000000	64119	64120.000000
64119.996094	64120.000000	64119	64120.000000
64119.996094	64120.000000	64119	64120.000000
64119.996094	64120.000000	64119	64120.000000
64119.996094	64120.000000	64119	64120.000000
64119.996094	64120.000000	64119	64120.000000
64119.996094	64120.000000	64119	64120.000000
64119.996094	64120.000000	64119	64120.000000
64119.996094	64120.000000	64119	64120.000000
64119.996094	64120.000000	64119	64120.000000
64119.996094	64120.000000	64119	64120.000000
64119.996094	64120.000000	64119	64120.000000
64119.996094	64120.000000	64119	64120.000000
64119.996094	64120.000000	64119	64120.000000
64119.996094	64120.000000	64119	64120.000000
Finished all iterations of simulation

number of mutations in simulation: 89258741
number of mutations in SFS: 5.04551e+07
time elapsed (ms): 526948

 Saving SFS to: sfs_out_selection_{1.371237e-05}.txt
Finished
Currently we are using the genome wide mutation 1.5e-8: 
Unscaled Point Selection: 1.40468e-05
Number of samples to generate SFS: 720776
Running simulations
Starting iteration 0 of simulation
28927.998047	28928.000000	28927	28928.000000
28927.998047	28928.000000	28927	28928.000000
28927.998047	28928.000000	28927	28928.000000
28927.998047	28928.000000	28927	28928.000000
28927.998047	28928.000000	28927	28928.000000
28927.998047	28928.000000	28927	28928.000000
28927.998047	28928.000000	28927	28928.000000
28927.998047	28928.000000	28927	28928.000000
28927.998047	28928.000000	28927	28928.000000
28927.998047	28928.000000	28927	28928.000000
28927.998047	28928.000000	28927	28928.000000
28927.998047	28928.000000	28927	28928.000000
28927.998047	28928.000000	28927	28928.000000
28927.998047	28928.000000	28927	28928.000000
28927.998047	28928.000000	28927	28928.000000
28927.998047	28928.000000	28927	28928.000000
28927.998047	28928.000000	28927	28928.000000
28927.998047	28928.000000	28927	28928.000000
28927.998047	28928.000000	28927	28928.000000
28927.998047	28928.000000	28927	28928.000000
28927.998047	28928.000000	28927	28928.000000
28927.998047	28928.000000	28927	28928.000000
28927.998047	28928.000000	28927	28928.000000
28927.998047	28928.000000	28927	28928.000000
28927.998047	28928.000000	28927	28928.000000
28927.998047	28928.000000	28927	28928.000000
28927.998047	28928.000000	28927	28928.000000
28927.998047	28928.000000	28927	28928.000000
28927.998047	28928.000000	28927	28928.000000
28927.998047	28928.000000	28927	28928.000000
28927.998047	28928.000000	28927	28928.000000
28927.998047	28928.000000	28927	28928.000000
28927.998047	28928.000000	28927	28928.000000
28927.998047	28928.000000	28927	28928.000000
28927.998047	28928.000000	28927	28928.000000
28927.998047	28928.000000	28927	28928.000000
58807.996094	58808.000000	58807	58808.000000
58807.996094	58808.000000	58807	58808.000000
58807.996094	58808.000000	58807	58808.000000
58807.996094	58808.000000	58807	58808.000000
58807.996094	58808.000000	58807	58808.000000
58807.996094	58808.000000	58807	58808.000000
58807.996094	58808.000000	58807	58808.000000
58807.996094	58808.000000	58807	58808.000000
58807.996094	58808.000000	58807	58808.000000
58807.996094	58808.000000	58807	58808.000000
58807.996094	58808.000000	58807	58808.000000
28927.998047	28928.000000	28927	28928.000000
28927.998047	28928.000000	28927	28928.000000
28927.998047	28928.000000	28927	28928.000000
28927.998047	28928.000000	28927	28928.000000
28927.998047	28928.000000	28927	28928.000000
28927.998047	28928.000000	28927	28928.000000
28927.998047	28928.000000	28927	28928.000000
28927.998047	28928.000000	28927	28928.000000
28927.998047	28928.000000	28927	28928.000000
28927.998047	28928.000000	28927	28928.000000
28927.998047	28928.000000	28927	28928.000000
28927.998047	28928.000000	28927	28928.000000
28927.998047	28928.000000	28927	28928.000000
28927.998047	28928.000000	28927	28928.000000
28927.998047	28928.000000	28927	28928.000000
28927.998047	28928.000000	28927	28928.000000
28927.998047	28928.000000	28927	28928.000000
28927.998047	28928.000000	28927	28928.000000
28927.998047	28928.000000	28927	28928.000000
28927.998047	28928.000000	28927	28928.000000
28927.998047	28928.000000	28927	28928.000000
28927.998047	28928.000000	28927	28928.000000
28927.998047	28928.000000	28927	28928.000000
28927.998047	28928.000000	28927	28928.000000
28927.998047	28928.000000	28927	28928.000000
28927.998047	28928.000000	28927	28928.000000
28927.998047	28928.000000	28927	28928.000000
28927.998047	28928.000000	28927	28928.000000
28927.998047	28928.000000	28927	28928.000000
28927.998047	28928.000000	28927	28928.000000
28927.998047	28928.000000	28927	28928.000000
28927.998047	28928.000000	28927	28928.000000
28927.998047	28928.000000	28927	28928.000000
28927.998047	28928.000000	28927	28928.000000
28927.998047	28928.000000	28927	28928.000000
28927.998047	28928.000000	28927	28928.000000
28927.998047	28928.000000	28927	28928.000000
28927.998047	28928.000000	28927	28928.000000
28927.998047	28928.000000	28927	28928.000000
28927.998047	28928.000000	28927	28928.000000
28927.998047	28928.000000	28927	28928.000000
28927.998047	28928.000000	28927	28928.000000
58807.996094	58808.000000	58807	58808.000000
58807.996094	58808.000000	58807	58808.000000
58807.996094	58808.000000	58807	58808.000000
58807.996094	58808.000000	58807	58808.000000
58807.996094	58808.000000	58807	58808.000000
58807.996094	58808.000000	58807	58808.000000
58807.996094	58808.000000	58807	58808.000000
58807.996094	58808.000000	58807	58808.000000
58807.996094	58808.000000	58807	58808.000000
Finished all iterations of simulation

number of mutations in simulation: 89258129
number of mutations in SFS: 5.04545e+07
time elapsed (ms): 526931

 Saving SFS to: sfs_out_selection_{1.404682e-05}.txt
Finished
